CRITICAL - 2022-04-05 02:22:53 --> Call to undefined method App\Models\RegMod::getResult
#0 /mnt/c/websites/Social Welfare/Social Welfare/app/Controllers/RegisterCon.php(20): CodeIgniter\Model->__call('getResult', Array)
#1 /mnt/c/websites/Social Welfare/Social Welfare/system/CodeIgniter.php(832): App\Controllers\RegisterCon->reg()
#2 /mnt/c/websites/Social Welfare/Social Welfare/system/CodeIgniter.php(419): CodeIgniter\CodeIgniter->runController(Object(App\Controllers\RegisterCon))
#3 /mnt/c/websites/Social Welfare/Social Welfare/system/CodeIgniter.php(326): CodeIgniter\CodeIgniter->handleRequest(NULL, Object(Config\Cache), false)
#4 /mnt/c/websites/Social Welfare/Social Welfare/public/index.php(37): CodeIgniter\CodeIgniter->run()
#5 /mnt/c/websites/Social Welfare/Social Welfare/system/Commands/Server/rewrite.php(43): require_once('/mnt/c/websites...')
#6 {main}
CRITICAL - 2022-04-05 02:24:35 --> Call to undefined method App\Models\RegMod::getResult
#0 /mnt/c/websites/Social Welfare/Social Welfare/app/Controllers/RegisterCon.php(20): CodeIgniter\Model->__call('getResult', Array)
#1 /mnt/c/websites/Social Welfare/Social Welfare/system/CodeIgniter.php(832): App\Controllers\RegisterCon->reg()
#2 /mnt/c/websites/Social Welfare/Social Welfare/system/CodeIgniter.php(419): CodeIgniter\CodeIgniter->runController(Object(App\Controllers\RegisterCon))
#3 /mnt/c/websites/Social Welfare/Social Welfare/system/CodeIgniter.php(326): CodeIgniter\CodeIgniter->handleRequest(NULL, Object(Config\Cache), false)
#4 /mnt/c/websites/Social Welfare/Social Welfare/public/index.php(37): CodeIgniter\CodeIgniter->run()
#5 /mnt/c/websites/Social Welfare/Social Welfare/system/Commands/Server/rewrite.php(43): require_once('/mnt/c/websites...')
#6 {main}
CRITICAL - 2022-04-05 02:24:55 --> Call to undefined method App\Models\RegMod::getResult
#0 /mnt/c/websites/Social Welfare/Social Welfare/app/Controllers/RegisterCon.php(20): CodeIgniter\Model->__call('getResult', Array)
#1 /mnt/c/websites/Social Welfare/Social Welfare/system/CodeIgniter.php(832): App\Controllers\RegisterCon->reg()
#2 /mnt/c/websites/Social Welfare/Social Welfare/system/CodeIgniter.php(419): CodeIgniter\CodeIgniter->runController(Object(App\Controllers\RegisterCon))
#3 /mnt/c/websites/Social Welfare/Social Welfare/system/CodeIgniter.php(326): CodeIgniter\CodeIgniter->handleRequest(NULL, Object(Config\Cache), false)
#4 /mnt/c/websites/Social Welfare/Social Welfare/public/index.php(37): CodeIgniter\CodeIgniter->run()
#5 /mnt/c/websites/Social Welfare/Social Welfare/system/Commands/Server/rewrite.php(43): require_once('/mnt/c/websites...')
#6 {main}
CRITICAL - 2022-04-05 02:24:56 --> Call to undefined method App\Models\RegMod::getResult
#0 /mnt/c/websites/Social Welfare/Social Welfare/app/Controllers/RegisterCon.php(20): CodeIgniter\Model->__call('getResult', Array)
#1 /mnt/c/websites/Social Welfare/Social Welfare/system/CodeIgniter.php(832): App\Controllers\RegisterCon->reg()
#2 /mnt/c/websites/Social Welfare/Social Welfare/system/CodeIgniter.php(419): CodeIgniter\CodeIgniter->runController(Object(App\Controllers\RegisterCon))
#3 /mnt/c/websites/Social Welfare/Social Welfare/system/CodeIgniter.php(326): CodeIgniter\CodeIgniter->handleRequest(NULL, Object(Config\Cache), false)
#4 /mnt/c/websites/Social Welfare/Social Welfare/public/index.php(37): CodeIgniter\CodeIgniter->run()
#5 /mnt/c/websites/Social Welfare/Social Welfare/system/Commands/Server/rewrite.php(43): require_once('/mnt/c/websites...')
#6 {main}
CRITICAL - 2022-04-05 02:30:23 --> Object of class App\Models\RegMod could not be converted to string
#0 /mnt/c/websites/Social Welfare/Social Welfare/app/Controllers/RegisterCon.php(18): CodeIgniter\Debug\Exceptions->errorHandler(4096, 'Object of class...', '/mnt/c/websites...', 18, Array)
#1 /mnt/c/websites/Social Welfare/Social Welfare/system/CodeIgniter.php(832): App\Controllers\RegisterCon->reg()
#2 /mnt/c/websites/Social Welfare/Social Welfare/system/CodeIgniter.php(419): CodeIgniter\CodeIgniter->runController(Object(App\Controllers\RegisterCon))
#3 /mnt/c/websites/Social Welfare/Social Welfare/system/CodeIgniter.php(326): CodeIgniter\CodeIgniter->handleRequest(NULL, Object(Config\Cache), false)
#4 /mnt/c/websites/Social Welfare/Social Welfare/public/index.php(37): CodeIgniter\CodeIgniter->run()
#5 /mnt/c/websites/Social Welfare/Social Welfare/system/Commands/Server/rewrite.php(43): require_once('/mnt/c/websites...')
#6 {main}
CRITICAL - 2022-04-05 02:30:31 --> Object of class App\Models\RegMod could not be converted to string
#0 /mnt/c/websites/Social Welfare/Social Welfare/app/Controllers/RegisterCon.php(18): CodeIgniter\Debug\Exceptions->errorHandler(4096, 'Object of class...', '/mnt/c/websites...', 18, Array)
#1 /mnt/c/websites/Social Welfare/Social Welfare/system/CodeIgniter.php(832): App\Controllers\RegisterCon->reg()
#2 /mnt/c/websites/Social Welfare/Social Welfare/system/CodeIgniter.php(419): CodeIgniter\CodeIgniter->runController(Object(App\Controllers\RegisterCon))
#3 /mnt/c/websites/Social Welfare/Social Welfare/system/CodeIgniter.php(326): CodeIgniter\CodeIgniter->handleRequest(NULL, Object(Config\Cache), false)
#4 /mnt/c/websites/Social Welfare/Social Welfare/public/index.php(37): CodeIgniter\CodeIgniter->run()
#5 /mnt/c/websites/Social Welfare/Social Welfare/system/Commands/Server/rewrite.php(43): require_once('/mnt/c/websites...')
#6 {main}
CRITICAL - 2022-04-05 02:32:57 --> Call to undefined method App\Models\RegMod::getResult
#0 /mnt/c/websites/Social Welfare/Social Welfare/app/Controllers/RegisterCon.php(21): CodeIgniter\Model->__call('getResult', Array)
#1 /mnt/c/websites/Social Welfare/Social Welfare/system/CodeIgniter.php(832): App\Controllers\RegisterCon->reg()
#2 /mnt/c/websites/Social Welfare/Social Welfare/system/CodeIgniter.php(419): CodeIgniter\CodeIgniter->runController(Object(App\Controllers\RegisterCon))
#3 /mnt/c/websites/Social Welfare/Social Welfare/system/CodeIgniter.php(326): CodeIgniter\CodeIgniter->handleRequest(NULL, Object(Config\Cache), false)
#4 /mnt/c/websites/Social Welfare/Social Welfare/public/index.php(37): CodeIgniter\CodeIgniter->run()
#5 /mnt/c/websites/Social Welfare/Social Welfare/system/Commands/Server/rewrite.php(43): require_once('/mnt/c/websites...')
#6 {main}
CRITICAL - 2022-04-05 02:33:57 --> Call to undefined method App\Models\RegMod::getResult
#0 /mnt/c/websites/Social Welfare/Social Welfare/app/Controllers/RegisterCon.php(21): CodeIgniter\Model->__call('getResult', Array)
#1 /mnt/c/websites/Social Welfare/Social Welfare/system/CodeIgniter.php(832): App\Controllers\RegisterCon->reg()
#2 /mnt/c/websites/Social Welfare/Social Welfare/system/CodeIgniter.php(419): CodeIgniter\CodeIgniter->runController(Object(App\Controllers\RegisterCon))
#3 /mnt/c/websites/Social Welfare/Social Welfare/system/CodeIgniter.php(326): CodeIgniter\CodeIgniter->handleRequest(NULL, Object(Config\Cache), false)
#4 /mnt/c/websites/Social Welfare/Social Welfare/public/index.php(37): CodeIgniter\CodeIgniter->run()
#5 /mnt/c/websites/Social Welfare/Social Welfare/system/Commands/Server/rewrite.php(43): require_once('/mnt/c/websites...')
#6 {main}
CRITICAL - 2022-04-05 02:34:43 --> Call to undefined method App\Models\RegMod::getResult
#0 /mnt/c/websites/Social Welfare/Social Welfare/app/Controllers/RegisterCon.php(21): CodeIgniter\Model->__call('getResult', Array)
#1 /mnt/c/websites/Social Welfare/Social Welfare/system/CodeIgniter.php(832): App\Controllers\RegisterCon->reg()
#2 /mnt/c/websites/Social Welfare/Social Welfare/system/CodeIgniter.php(419): CodeIgniter\CodeIgniter->runController(Object(App\Controllers\RegisterCon))
#3 /mnt/c/websites/Social Welfare/Social Welfare/system/CodeIgniter.php(326): CodeIgniter\CodeIgniter->handleRequest(NULL, Object(Config\Cache), false)
#4 /mnt/c/websites/Social Welfare/Social Welfare/public/index.php(37): CodeIgniter\CodeIgniter->run()
#5 /mnt/c/websites/Social Welfare/Social Welfare/system/Commands/Server/rewrite.php(43): require_once('/mnt/c/websites...')
#6 {main}
CRITICAL - 2022-04-05 02:35:08 --> Call to undefined method App\Models\RegMod::getResult
#0 /mnt/c/websites/Social Welfare/Social Welfare/app/Controllers/RegisterCon.php(21): CodeIgniter\Model->__call('getResult', Array)
#1 /mnt/c/websites/Social Welfare/Social Welfare/system/CodeIgniter.php(832): App\Controllers\RegisterCon->reg()
#2 /mnt/c/websites/Social Welfare/Social Welfare/system/CodeIgniter.php(419): CodeIgniter\CodeIgniter->runController(Object(App\Controllers\RegisterCon))
#3 /mnt/c/websites/Social Welfare/Social Welfare/system/CodeIgniter.php(326): CodeIgniter\CodeIgniter->handleRequest(NULL, Object(Config\Cache), false)
#4 /mnt/c/websites/Social Welfare/Social Welfare/public/index.php(37): CodeIgniter\CodeIgniter->run()
#5 /mnt/c/websites/Social Welfare/Social Welfare/system/Commands/Server/rewrite.php(43): require_once('/mnt/c/websites...')
#6 {main}
CRITICAL - 2022-04-05 02:36:35 --> Call to undefined method App\Models\RegMod::getResult
#0 /mnt/c/websites/Social Welfare/Social Welfare/app/Controllers/RegisterCon.php(21): CodeIgniter\Model->__call('getResult', Array)
#1 /mnt/c/websites/Social Welfare/Social Welfare/system/CodeIgniter.php(832): App\Controllers\RegisterCon->reg()
#2 /mnt/c/websites/Social Welfare/Social Welfare/system/CodeIgniter.php(419): CodeIgniter\CodeIgniter->runController(Object(App\Controllers\RegisterCon))
#3 /mnt/c/websites/Social Welfare/Social Welfare/system/CodeIgniter.php(326): CodeIgniter\CodeIgniter->handleRequest(NULL, Object(Config\Cache), false)
#4 /mnt/c/websites/Social Welfare/Social Welfare/public/index.php(37): CodeIgniter\CodeIgniter->run()
#5 /mnt/c/websites/Social Welfare/Social Welfare/system/Commands/Server/rewrite.php(43): require_once('/mnt/c/websites...')
#6 {main}
CRITICAL - 2022-04-05 03:07:43 --> Object of class CodeIgniter\Database\MySQLi\Result could not be converted to string
#0 /mnt/c/websites/Social Welfare/Social Welfare/app/Controllers/RegisterCon.php(23): CodeIgniter\Debug\Exceptions->errorHandler(4096, 'Object of class...', '/mnt/c/websites...', 23, Array)
#1 /mnt/c/websites/Social Welfare/Social Welfare/system/CodeIgniter.php(832): App\Controllers\RegisterCon->reg()
#2 /mnt/c/websites/Social Welfare/Social Welfare/system/CodeIgniter.php(419): CodeIgniter\CodeIgniter->runController(Object(App\Controllers\RegisterCon))
#3 /mnt/c/websites/Social Welfare/Social Welfare/system/CodeIgniter.php(326): CodeIgniter\CodeIgniter->handleRequest(NULL, Object(Config\Cache), false)
#4 /mnt/c/websites/Social Welfare/Social Welfare/public/index.php(37): CodeIgniter\CodeIgniter->run()
#5 /mnt/c/websites/Social Welfare/Social Welfare/system/Commands/Server/rewrite.php(43): require_once('/mnt/c/websites...')
#6 {main}
ERROR - 2022-04-05 03:22:50 --> Column count doesn't match value count at row 1
CRITICAL - 2022-04-05 03:22:50 --> Call to a member function getResult() on bool
#0 /mnt/c/websites/Social Welfare/Social Welfare/system/CodeIgniter.php(832): App\Controllers\RegisterCon->reg()
#1 /mnt/c/websites/Social Welfare/Social Welfare/system/CodeIgniter.php(419): CodeIgniter\CodeIgniter->runController(Object(App\Controllers\RegisterCon))
#2 /mnt/c/websites/Social Welfare/Social Welfare/system/CodeIgniter.php(326): CodeIgniter\CodeIgniter->handleRequest(NULL, Object(Config\Cache), false)
#3 /mnt/c/websites/Social Welfare/Social Welfare/public/index.php(37): CodeIgniter\CodeIgniter->run()
#4 /mnt/c/websites/Social Welfare/Social Welfare/system/Commands/Server/rewrite.php(43): require_once('/mnt/c/websites...')
#5 {main}
ERROR - 2022-04-05 03:23:44 --> Column count doesn't match value count at row 1
CRITICAL - 2022-04-05 03:23:44 --> Call to a member function getResult() on bool
#0 /mnt/c/websites/Social Welfare/Social Welfare/system/CodeIgniter.php(832): App\Controllers\RegisterCon->reg()
#1 /mnt/c/websites/Social Welfare/Social Welfare/system/CodeIgniter.php(419): CodeIgniter\CodeIgniter->runController(Object(App\Controllers\RegisterCon))
#2 /mnt/c/websites/Social Welfare/Social Welfare/system/CodeIgniter.php(326): CodeIgniter\CodeIgniter->handleRequest(NULL, Object(Config\Cache), false)
#3 /mnt/c/websites/Social Welfare/Social Welfare/public/index.php(37): CodeIgniter\CodeIgniter->run()
#4 /mnt/c/websites/Social Welfare/Social Welfare/system/Commands/Server/rewrite.php(43): require_once('/mnt/c/websites...')
#5 {main}
ERROR - 2022-04-05 07:02:27 --> Column count doesn't match value count at row 1
CRITICAL - 2022-04-05 07:02:27 --> Call to a member function getResult() on bool
#0 /mnt/c/websites/Social Welfare/Social Welfare/system/CodeIgniter.php(832): App\Controllers\RegisterCon->reg()
#1 /mnt/c/websites/Social Welfare/Social Welfare/system/CodeIgniter.php(419): CodeIgniter\CodeIgniter->runController(Object(App\Controllers\RegisterCon))
#2 /mnt/c/websites/Social Welfare/Social Welfare/system/CodeIgniter.php(326): CodeIgniter\CodeIgniter->handleRequest(NULL, Object(Config\Cache), false)
#3 /mnt/c/websites/Social Welfare/Social Welfare/public/index.php(37): CodeIgniter\CodeIgniter->run()
#4 /mnt/c/websites/Social Welfare/Social Welfare/system/Commands/Server/rewrite.php(43): require_once('/mnt/c/websites...')
#5 {main}
CRITICAL - 2022-04-05 07:06:57 --> Call to a member function getResult() on bool
#0 /mnt/c/websites/Social Welfare/Social Welfare/system/CodeIgniter.php(832): App\Controllers\RegisterCon->reg()
#1 /mnt/c/websites/Social Welfare/Social Welfare/system/CodeIgniter.php(419): CodeIgniter\CodeIgniter->runController(Object(App\Controllers\RegisterCon))
#2 /mnt/c/websites/Social Welfare/Social Welfare/system/CodeIgniter.php(326): CodeIgniter\CodeIgniter->handleRequest(NULL, Object(Config\Cache), false)
#3 /mnt/c/websites/Social Welfare/Social Welfare/public/index.php(37): CodeIgniter\CodeIgniter->run()
#4 /mnt/c/websites/Social Welfare/Social Welfare/system/Commands/Server/rewrite.php(43): require_once('/mnt/c/websites...')
#5 {main}
CRITICAL - 2022-04-05 21:46:48 --> Call to a member function getResult() on bool
#0 /mnt/c/websites/Social Welfare/Social Welfare/system/CodeIgniter.php(832): App\Controllers\RegisterCon->reg()
#1 /mnt/c/websites/Social Welfare/Social Welfare/system/CodeIgniter.php(419): CodeIgniter\CodeIgniter->runController(Object(App\Controllers\RegisterCon))
#2 /mnt/c/websites/Social Welfare/Social Welfare/system/CodeIgniter.php(326): CodeIgniter\CodeIgniter->handleRequest(NULL, Object(Config\Cache), false)
#3 /mnt/c/websites/Social Welfare/Social Welfare/public/index.php(37): CodeIgniter\CodeIgniter->run()
#4 /mnt/c/websites/Social Welfare/Social Welfare/system/Commands/Server/rewrite.php(43): require_once('/mnt/c/websites...')
#5 {main}
ERROR - 2022-04-05 21:52:43 --> Table 'Social.account' doesn't exist
CRITICAL - 2022-04-05 21:52:43 --> Call to a member function getFieldNames() on bool
#0 /mnt/c/websites/Social Welfare/Social Welfare/system/CodeIgniter.php(832): App\Controllers\RegisterCon->reg()
#1 /mnt/c/websites/Social Welfare/Social Welfare/system/CodeIgniter.php(419): CodeIgniter\CodeIgniter->runController(Object(App\Controllers\RegisterCon))
#2 /mnt/c/websites/Social Welfare/Social Welfare/system/CodeIgniter.php(326): CodeIgniter\CodeIgniter->handleRequest(NULL, Object(Config\Cache), false)
#3 /mnt/c/websites/Social Welfare/Social Welfare/public/index.php(37): CodeIgniter\CodeIgniter->run()
#4 /mnt/c/websites/Social Welfare/Social Welfare/system/Commands/Server/rewrite.php(43): require_once('/mnt/c/websites...')
#5 {main}
CRITICAL - 2022-04-05 21:59:30 --> Object of class CodeIgniter\Database\MySQLi\Result could not be converted to string
#0 /mnt/c/websites/Social Welfare/Social Welfare/app/Controllers/RegisterCon.php(25): CodeIgniter\Debug\Exceptions->errorHandler(4096, 'Object of class...', '/mnt/c/websites...', 25, Array)
#1 /mnt/c/websites/Social Welfare/Social Welfare/system/CodeIgniter.php(832): App\Controllers\RegisterCon->reg()
#2 /mnt/c/websites/Social Welfare/Social Welfare/system/CodeIgniter.php(419): CodeIgniter\CodeIgniter->runController(Object(App\Controllers\RegisterCon))
#3 /mnt/c/websites/Social Welfare/Social Welfare/system/CodeIgniter.php(326): CodeIgniter\CodeIgniter->handleRequest(NULL, Object(Config\Cache), false)
#4 /mnt/c/websites/Social Welfare/Social Welfare/public/index.php(37): CodeIgniter\CodeIgniter->run()
#5 /mnt/c/websites/Social Welfare/Social Welfare/system/Commands/Server/rewrite.php(43): require_once('/mnt/c/websites...')
#6 {main}
CRITICAL - 2022-04-05 22:18:16 --> Argument 1 passed to CodeIgniter\Database\BaseResult::getLastRow() must be of the type string, array given, called in /mnt/c/websites/Social Welfare/Social Welfare/app/Controllers/RegisterCon.php on line 24
#0 /mnt/c/websites/Social Welfare/Social Welfare/app/Controllers/RegisterCon.php(24): CodeIgniter\Database\BaseResult->getLastRow(Array)
#1 /mnt/c/websites/Social Welfare/Social Welfare/system/CodeIgniter.php(832): App\Controllers\RegisterCon->reg()
#2 /mnt/c/websites/Social Welfare/Social Welfare/system/CodeIgniter.php(419): CodeIgniter\CodeIgniter->runController(Object(App\Controllers\RegisterCon))
#3 /mnt/c/websites/Social Welfare/Social Welfare/system/CodeIgniter.php(326): CodeIgniter\CodeIgniter->handleRequest(NULL, Object(Config\Cache), false)
#4 /mnt/c/websites/Social Welfare/Social Welfare/public/index.php(37): CodeIgniter\CodeIgniter->run()
#5 /mnt/c/websites/Social Welfare/Social Welfare/system/Commands/Server/rewrite.php(43): require_once('/mnt/c/websites...')
#6 {main}
CRITICAL - 2022-04-05 22:19:57 --> Argument 1 passed to CodeIgniter\Database\BaseResult::getLastRow() must be of the type string, array given, called in /mnt/c/websites/Social Welfare/Social Welfare/app/Controllers/RegisterCon.php on line 24
#0 /mnt/c/websites/Social Welfare/Social Welfare/app/Controllers/RegisterCon.php(24): CodeIgniter\Database\BaseResult->getLastRow(Array)
#1 /mnt/c/websites/Social Welfare/Social Welfare/system/CodeIgniter.php(832): App\Controllers\RegisterCon->reg()
#2 /mnt/c/websites/Social Welfare/Social Welfare/system/CodeIgniter.php(419): CodeIgniter\CodeIgniter->runController(Object(App\Controllers\RegisterCon))
#3 /mnt/c/websites/Social Welfare/Social Welfare/system/CodeIgniter.php(326): CodeIgniter\CodeIgniter->handleRequest(NULL, Object(Config\Cache), false)
#4 /mnt/c/websites/Social Welfare/Social Welfare/public/index.php(37): CodeIgniter\CodeIgniter->run()
#5 /mnt/c/websites/Social Welfare/Social Welfare/system/Commands/Server/rewrite.php(43): require_once('/mnt/c/websites...')
#6 {main}
CRITICAL - 2022-04-05 22:21:20 --> Argument 1 passed to CodeIgniter\Database\BaseResult::getLastRow() must be of the type string, array given, called in /mnt/c/websites/Social Welfare/Social Welfare/app/Controllers/RegisterCon.php on line 24
#0 /mnt/c/websites/Social Welfare/Social Welfare/app/Controllers/RegisterCon.php(24): CodeIgniter\Database\BaseResult->getLastRow(Array)
#1 /mnt/c/websites/Social Welfare/Social Welfare/system/CodeIgniter.php(832): App\Controllers\RegisterCon->reg()
#2 /mnt/c/websites/Social Welfare/Social Welfare/system/CodeIgniter.php(419): CodeIgniter\CodeIgniter->runController(Object(App\Controllers\RegisterCon))
#3 /mnt/c/websites/Social Welfare/Social Welfare/system/CodeIgniter.php(326): CodeIgniter\CodeIgniter->handleRequest(NULL, Object(Config\Cache), false)
#4 /mnt/c/websites/Social Welfare/Social Welfare/public/index.php(37): CodeIgniter\CodeIgniter->run()
#5 /mnt/c/websites/Social Welfare/Social Welfare/system/Commands/Server/rewrite.php(43): require_once('/mnt/c/websites...')
#6 {main}
CRITICAL - 2022-04-05 22:21:40 --> Argument 1 passed to CodeIgniter\Database\BaseResult::getLastRow() must be of the type string, array given, called in /mnt/c/websites/Social Welfare/Social Welfare/app/Controllers/RegisterCon.php on line 24
#0 /mnt/c/websites/Social Welfare/Social Welfare/app/Controllers/RegisterCon.php(24): CodeIgniter\Database\BaseResult->getLastRow(Array)
#1 /mnt/c/websites/Social Welfare/Social Welfare/system/CodeIgniter.php(832): App\Controllers\RegisterCon->reg()
#2 /mnt/c/websites/Social Welfare/Social Welfare/system/CodeIgniter.php(419): CodeIgniter\CodeIgniter->runController(Object(App\Controllers\RegisterCon))
#3 /mnt/c/websites/Social Welfare/Social Welfare/system/CodeIgniter.php(326): CodeIgniter\CodeIgniter->handleRequest(NULL, Object(Config\Cache), false)
#4 /mnt/c/websites/Social Welfare/Social Welfare/public/index.php(37): CodeIgniter\CodeIgniter->run()
#5 /mnt/c/websites/Social Welfare/Social Welfare/system/Commands/Server/rewrite.php(43): require_once('/mnt/c/websites...')
#6 {main}
CRITICAL - 2022-04-05 22:22:17 --> Call to undefined method App\Models\RegMod::getLastRow
#0 /mnt/c/websites/Social Welfare/Social Welfare/app/Controllers/RegisterCon.php(24): CodeIgniter\Model->__call('getLastRow', Array)
#1 /mnt/c/websites/Social Welfare/Social Welfare/system/CodeIgniter.php(832): App\Controllers\RegisterCon->reg()
#2 /mnt/c/websites/Social Welfare/Social Welfare/system/CodeIgniter.php(419): CodeIgniter\CodeIgniter->runController(Object(App\Controllers\RegisterCon))
#3 /mnt/c/websites/Social Welfare/Social Welfare/system/CodeIgniter.php(326): CodeIgniter\CodeIgniter->handleRequest(NULL, Object(Config\Cache), false)
#4 /mnt/c/websites/Social Welfare/Social Welfare/public/index.php(37): CodeIgniter\CodeIgniter->run()
#5 /mnt/c/websites/Social Welfare/Social Welfare/system/Commands/Server/rewrite.php(43): require_once('/mnt/c/websites...')
#6 {main}
CRITICAL - 2022-04-05 22:28:05 --> Class 'qwe' not found
#0 [internal function]: CodeIgniter\Debug\Exceptions->shutdownHandler()
#1 {main}
CRITICAL - 2022-04-05 22:28:38 --> Class 'qwe' not found
#0 [internal function]: CodeIgniter\Debug\Exceptions->shutdownHandler()
#1 {main}
CRITICAL - 2022-04-05 22:29:16 --> Call to undefined method App\Models\RegMod::getCustomResultObject
#0 /mnt/c/websites/Social Welfare/Social Welfare/app/Controllers/RegisterCon.php(24): CodeIgniter\Model->__call('getCustomResult...', Array)
#1 /mnt/c/websites/Social Welfare/Social Welfare/system/CodeIgniter.php(832): App\Controllers\RegisterCon->reg()
#2 /mnt/c/websites/Social Welfare/Social Welfare/system/CodeIgniter.php(419): CodeIgniter\CodeIgniter->runController(Object(App\Controllers\RegisterCon))
#3 /mnt/c/websites/Social Welfare/Social Welfare/system/CodeIgniter.php(326): CodeIgniter\CodeIgniter->handleRequest(NULL, Object(Config\Cache), false)
#4 /mnt/c/websites/Social Welfare/Social Welfare/public/index.php(37): CodeIgniter\CodeIgniter->run()
#5 /mnt/c/websites/Social Welfare/Social Welfare/system/Commands/Server/rewrite.php(43): require_once('/mnt/c/websites...')
#6 {main}
CRITICAL - 2022-04-05 22:29:19 --> Call to undefined method App\Models\RegMod::getCustomResultObject
#0 /mnt/c/websites/Social Welfare/Social Welfare/app/Controllers/RegisterCon.php(24): CodeIgniter\Model->__call('getCustomResult...', Array)
#1 /mnt/c/websites/Social Welfare/Social Welfare/system/CodeIgniter.php(832): App\Controllers\RegisterCon->reg()
#2 /mnt/c/websites/Social Welfare/Social Welfare/system/CodeIgniter.php(419): CodeIgniter\CodeIgniter->runController(Object(App\Controllers\RegisterCon))
#3 /mnt/c/websites/Social Welfare/Social Welfare/system/CodeIgniter.php(326): CodeIgniter\CodeIgniter->handleRequest(NULL, Object(Config\Cache), false)
#4 /mnt/c/websites/Social Welfare/Social Welfare/public/index.php(37): CodeIgniter\CodeIgniter->run()
#5 /mnt/c/websites/Social Welfare/Social Welfare/system/Commands/Server/rewrite.php(43): require_once('/mnt/c/websites...')
#6 {main}
CRITICAL - 2022-04-05 22:30:57 --> Call to undefined method App\Models\RegMod::getCustomResultObject
#0 /mnt/c/websites/Social Welfare/Social Welfare/app/Controllers/RegisterCon.php(24): CodeIgniter\Model->__call('getCustomResult...', Array)
#1 /mnt/c/websites/Social Welfare/Social Welfare/system/CodeIgniter.php(832): App\Controllers\RegisterCon->reg()
#2 /mnt/c/websites/Social Welfare/Social Welfare/system/CodeIgniter.php(419): CodeIgniter\CodeIgniter->runController(Object(App\Controllers\RegisterCon))
#3 /mnt/c/websites/Social Welfare/Social Welfare/system/CodeIgniter.php(326): CodeIgniter\CodeIgniter->handleRequest(NULL, Object(Config\Cache), false)
#4 /mnt/c/websites/Social Welfare/Social Welfare/public/index.php(37): CodeIgniter\CodeIgniter->run()
#5 /mnt/c/websites/Social Welfare/Social Welfare/system/Commands/Server/rewrite.php(43): require_once('/mnt/c/websites...')
#6 {main}
CRITICAL - 2022-04-05 22:30:59 --> Call to undefined method App\Models\RegMod::getCustomResultObject
#0 /mnt/c/websites/Social Welfare/Social Welfare/app/Controllers/RegisterCon.php(24): CodeIgniter\Model->__call('getCustomResult...', Array)
#1 /mnt/c/websites/Social Welfare/Social Welfare/system/CodeIgniter.php(832): App\Controllers\RegisterCon->reg()
#2 /mnt/c/websites/Social Welfare/Social Welfare/system/CodeIgniter.php(419): CodeIgniter\CodeIgniter->runController(Object(App\Controllers\RegisterCon))
#3 /mnt/c/websites/Social Welfare/Social Welfare/system/CodeIgniter.php(326): CodeIgniter\CodeIgniter->handleRequest(NULL, Object(Config\Cache), false)
#4 /mnt/c/websites/Social Welfare/Social Welfare/public/index.php(37): CodeIgniter\CodeIgniter->run()
#5 /mnt/c/websites/Social Welfare/Social Welfare/system/Commands/Server/rewrite.php(43): require_once('/mnt/c/websites...')
#6 {main}
CRITICAL - 2022-04-05 22:31:17 --> Call to undefined method App\Models\RegMod::getCustomResultObject
#0 /mnt/c/websites/Social Welfare/Social Welfare/app/Controllers/RegisterCon.php(24): CodeIgniter\Model->__call('getCustomResult...', Array)
#1 /mnt/c/websites/Social Welfare/Social Welfare/system/CodeIgniter.php(832): App\Controllers\RegisterCon->reg()
#2 /mnt/c/websites/Social Welfare/Social Welfare/system/CodeIgniter.php(419): CodeIgniter\CodeIgniter->runController(Object(App\Controllers\RegisterCon))
#3 /mnt/c/websites/Social Welfare/Social Welfare/system/CodeIgniter.php(326): CodeIgniter\CodeIgniter->handleRequest(NULL, Object(Config\Cache), false)
#4 /mnt/c/websites/Social Welfare/Social Welfare/public/index.php(37): CodeIgniter\CodeIgniter->run()
#5 /mnt/c/websites/Social Welfare/Social Welfare/system/Commands/Server/rewrite.php(43): require_once('/mnt/c/websites...')
#6 {main}
CRITICAL - 2022-04-05 22:31:19 --> Call to undefined method App\Models\RegMod::getCustomResultObject
#0 /mnt/c/websites/Social Welfare/Social Welfare/app/Controllers/RegisterCon.php(24): CodeIgniter\Model->__call('getCustomResult...', Array)
#1 /mnt/c/websites/Social Welfare/Social Welfare/system/CodeIgniter.php(832): App\Controllers\RegisterCon->reg()
#2 /mnt/c/websites/Social Welfare/Social Welfare/system/CodeIgniter.php(419): CodeIgniter\CodeIgniter->runController(Object(App\Controllers\RegisterCon))
#3 /mnt/c/websites/Social Welfare/Social Welfare/system/CodeIgniter.php(326): CodeIgniter\CodeIgniter->handleRequest(NULL, Object(Config\Cache), false)
#4 /mnt/c/websites/Social Welfare/Social Welfare/public/index.php(37): CodeIgniter\CodeIgniter->run()
#5 /mnt/c/websites/Social Welfare/Social Welfare/system/Commands/Server/rewrite.php(43): require_once('/mnt/c/websites...')
#6 {main}
CRITICAL - 2022-04-05 22:31:20 --> Call to undefined method App\Models\RegMod::getCustomResultObject
#0 /mnt/c/websites/Social Welfare/Social Welfare/app/Controllers/RegisterCon.php(24): CodeIgniter\Model->__call('getCustomResult...', Array)
#1 /mnt/c/websites/Social Welfare/Social Welfare/system/CodeIgniter.php(832): App\Controllers\RegisterCon->reg()
#2 /mnt/c/websites/Social Welfare/Social Welfare/system/CodeIgniter.php(419): CodeIgniter\CodeIgniter->runController(Object(App\Controllers\RegisterCon))
#3 /mnt/c/websites/Social Welfare/Social Welfare/system/CodeIgniter.php(326): CodeIgniter\CodeIgniter->handleRequest(NULL, Object(Config\Cache), false)
#4 /mnt/c/websites/Social Welfare/Social Welfare/public/index.php(37): CodeIgniter\CodeIgniter->run()
#5 /mnt/c/websites/Social Welfare/Social Welfare/system/Commands/Server/rewrite.php(43): require_once('/mnt/c/websites...')
#6 {main}
CRITICAL - 2022-04-05 22:31:21 --> Call to undefined method App\Models\RegMod::getCustomResultObject
#0 /mnt/c/websites/Social Welfare/Social Welfare/app/Controllers/RegisterCon.php(24): CodeIgniter\Model->__call('getCustomResult...', Array)
#1 /mnt/c/websites/Social Welfare/Social Welfare/system/CodeIgniter.php(832): App\Controllers\RegisterCon->reg()
#2 /mnt/c/websites/Social Welfare/Social Welfare/system/CodeIgniter.php(419): CodeIgniter\CodeIgniter->runController(Object(App\Controllers\RegisterCon))
#3 /mnt/c/websites/Social Welfare/Social Welfare/system/CodeIgniter.php(326): CodeIgniter\CodeIgniter->handleRequest(NULL, Object(Config\Cache), false)
#4 /mnt/c/websites/Social Welfare/Social Welfare/public/index.php(37): CodeIgniter\CodeIgniter->run()
#5 /mnt/c/websites/Social Welfare/Social Welfare/system/Commands/Server/rewrite.php(43): require_once('/mnt/c/websites...')
#6 {main}
CRITICAL - 2022-04-05 22:31:22 --> Call to undefined method App\Models\RegMod::getCustomResultObject
#0 /mnt/c/websites/Social Welfare/Social Welfare/app/Controllers/RegisterCon.php(24): CodeIgniter\Model->__call('getCustomResult...', Array)
#1 /mnt/c/websites/Social Welfare/Social Welfare/system/CodeIgniter.php(832): App\Controllers\RegisterCon->reg()
#2 /mnt/c/websites/Social Welfare/Social Welfare/system/CodeIgniter.php(419): CodeIgniter\CodeIgniter->runController(Object(App\Controllers\RegisterCon))
#3 /mnt/c/websites/Social Welfare/Social Welfare/system/CodeIgniter.php(326): CodeIgniter\CodeIgniter->handleRequest(NULL, Object(Config\Cache), false)
#4 /mnt/c/websites/Social Welfare/Social Welfare/public/index.php(37): CodeIgniter\CodeIgniter->run()
#5 /mnt/c/websites/Social Welfare/Social Welfare/system/Commands/Server/rewrite.php(43): require_once('/mnt/c/websites...')
#6 {main}
CRITICAL - 2022-04-05 22:31:22 --> Call to undefined method App\Models\RegMod::getCustomResultObject
#0 /mnt/c/websites/Social Welfare/Social Welfare/app/Controllers/RegisterCon.php(24): CodeIgniter\Model->__call('getCustomResult...', Array)
#1 /mnt/c/websites/Social Welfare/Social Welfare/system/CodeIgniter.php(832): App\Controllers\RegisterCon->reg()
#2 /mnt/c/websites/Social Welfare/Social Welfare/system/CodeIgniter.php(419): CodeIgniter\CodeIgniter->runController(Object(App\Controllers\RegisterCon))
#3 /mnt/c/websites/Social Welfare/Social Welfare/system/CodeIgniter.php(326): CodeIgniter\CodeIgniter->handleRequest(NULL, Object(Config\Cache), false)
#4 /mnt/c/websites/Social Welfare/Social Welfare/public/index.php(37): CodeIgniter\CodeIgniter->run()
#5 /mnt/c/websites/Social Welfare/Social Welfare/system/Commands/Server/rewrite.php(43): require_once('/mnt/c/websites...')
#6 {main}
CRITICAL - 2022-04-05 22:31:22 --> Call to undefined method App\Models\RegMod::getCustomResultObject
#0 /mnt/c/websites/Social Welfare/Social Welfare/app/Controllers/RegisterCon.php(24): CodeIgniter\Model->__call('getCustomResult...', Array)
#1 /mnt/c/websites/Social Welfare/Social Welfare/system/CodeIgniter.php(832): App\Controllers\RegisterCon->reg()
#2 /mnt/c/websites/Social Welfare/Social Welfare/system/CodeIgniter.php(419): CodeIgniter\CodeIgniter->runController(Object(App\Controllers\RegisterCon))
#3 /mnt/c/websites/Social Welfare/Social Welfare/system/CodeIgniter.php(326): CodeIgniter\CodeIgniter->handleRequest(NULL, Object(Config\Cache), false)
#4 /mnt/c/websites/Social Welfare/Social Welfare/public/index.php(37): CodeIgniter\CodeIgniter->run()
#5 /mnt/c/websites/Social Welfare/Social Welfare/system/Commands/Server/rewrite.php(43): require_once('/mnt/c/websites...')
#6 {main}
CRITICAL - 2022-04-05 22:31:23 --> Call to undefined method App\Models\RegMod::getCustomResultObject
#0 /mnt/c/websites/Social Welfare/Social Welfare/app/Controllers/RegisterCon.php(24): CodeIgniter\Model->__call('getCustomResult...', Array)
#1 /mnt/c/websites/Social Welfare/Social Welfare/system/CodeIgniter.php(832): App\Controllers\RegisterCon->reg()
#2 /mnt/c/websites/Social Welfare/Social Welfare/system/CodeIgniter.php(419): CodeIgniter\CodeIgniter->runController(Object(App\Controllers\RegisterCon))
#3 /mnt/c/websites/Social Welfare/Social Welfare/system/CodeIgniter.php(326): CodeIgniter\CodeIgniter->handleRequest(NULL, Object(Config\Cache), false)
#4 /mnt/c/websites/Social Welfare/Social Welfare/public/index.php(37): CodeIgniter\CodeIgniter->run()
#5 /mnt/c/websites/Social Welfare/Social Welfare/system/Commands/Server/rewrite.php(43): require_once('/mnt/c/websites...')
#6 {main}
CRITICAL - 2022-04-05 22:31:23 --> Call to undefined method App\Models\RegMod::getCustomResultObject
#0 /mnt/c/websites/Social Welfare/Social Welfare/app/Controllers/RegisterCon.php(24): CodeIgniter\Model->__call('getCustomResult...', Array)
#1 /mnt/c/websites/Social Welfare/Social Welfare/system/CodeIgniter.php(832): App\Controllers\RegisterCon->reg()
#2 /mnt/c/websites/Social Welfare/Social Welfare/system/CodeIgniter.php(419): CodeIgniter\CodeIgniter->runController(Object(App\Controllers\RegisterCon))
#3 /mnt/c/websites/Social Welfare/Social Welfare/system/CodeIgniter.php(326): CodeIgniter\CodeIgniter->handleRequest(NULL, Object(Config\Cache), false)
#4 /mnt/c/websites/Social Welfare/Social Welfare/public/index.php(37): CodeIgniter\CodeIgniter->run()
#5 /mnt/c/websites/Social Welfare/Social Welfare/system/Commands/Server/rewrite.php(43): require_once('/mnt/c/websites...')
#6 {main}
CRITICAL - 2022-04-05 22:48:06 --> Call to undefined method App\Models\RegMod::getQuery
#0 /mnt/c/websites/Social Welfare/Social Welfare/app/Controllers/RegisterCon.php(24): CodeIgniter\Model->__call('getQuery', Array)
#1 /mnt/c/websites/Social Welfare/Social Welfare/system/CodeIgniter.php(832): App\Controllers\RegisterCon->reg()
#2 /mnt/c/websites/Social Welfare/Social Welfare/system/CodeIgniter.php(419): CodeIgniter\CodeIgniter->runController(Object(App\Controllers\RegisterCon))
#3 /mnt/c/websites/Social Welfare/Social Welfare/system/CodeIgniter.php(326): CodeIgniter\CodeIgniter->handleRequest(NULL, Object(Config\Cache), false)
#4 /mnt/c/websites/Social Welfare/Social Welfare/public/index.php(37): CodeIgniter\CodeIgniter->run()
#5 /mnt/c/websites/Social Welfare/Social Welfare/system/Commands/Server/rewrite.php(43): require_once('/mnt/c/websites...')
#6 {main}
CRITICAL - 2022-04-05 22:48:32 --> Call to undefined method App\Models\RegMod::getQuery
#0 /mnt/c/websites/Social Welfare/Social Welfare/app/Controllers/RegisterCon.php(24): CodeIgniter\Model->__call('getQuery', Array)
#1 /mnt/c/websites/Social Welfare/Social Welfare/system/CodeIgniter.php(832): App\Controllers\RegisterCon->reg()
#2 /mnt/c/websites/Social Welfare/Social Welfare/system/CodeIgniter.php(419): CodeIgniter\CodeIgniter->runController(Object(App\Controllers\RegisterCon))
#3 /mnt/c/websites/Social Welfare/Social Welfare/system/CodeIgniter.php(326): CodeIgniter\CodeIgniter->handleRequest(NULL, Object(Config\Cache), false)
#4 /mnt/c/websites/Social Welfare/Social Welfare/public/index.php(37): CodeIgniter\CodeIgniter->run()
#5 /mnt/c/websites/Social Welfare/Social Welfare/system/Commands/Server/rewrite.php(43): require_once('/mnt/c/websites...')
#6 {main}
