CRITICAL - 2022-11-27 02:15:28 --> Class "App\models\coordinate_1Mod" not found
#0 /mnt/c/websites/Social Welfare/system/CodeIgniter.php(832): App\Controllers\EndofCon->coordinate1()
#1 /mnt/c/websites/Social Welfare/system/CodeIgniter.php(419): CodeIgniter\CodeIgniter->runController()
#2 /mnt/c/websites/Social Welfare/system/CodeIgniter.php(326): CodeIgniter\CodeIgniter->handleRequest()
#3 /mnt/c/websites/Social Welfare/public/index.php(37): CodeIgniter\CodeIgniter->run()
#4 /mnt/c/websites/Social Welfare/system/Commands/Server/rewrite.php(43): require_once('...')
#5 {main}
CRITICAL - 2022-11-27 02:15:34 --> Class "App\models\coordinate_1Mod" not found
#0 /mnt/c/websites/Social Welfare/system/CodeIgniter.php(832): App\Controllers\EndofCon->coordinate1()
#1 /mnt/c/websites/Social Welfare/system/CodeIgniter.php(419): CodeIgniter\CodeIgniter->runController()
#2 /mnt/c/websites/Social Welfare/system/CodeIgniter.php(326): CodeIgniter\CodeIgniter->handleRequest()
#3 /mnt/c/websites/Social Welfare/public/index.php(37): CodeIgniter\CodeIgniter->run()
#4 /mnt/c/websites/Social Welfare/system/Commands/Server/rewrite.php(43): require_once('...')
#5 {main}
CRITICAL - 2022-11-27 02:16:08 --> Class "App\models\coordinate_1Mod" not found
#0 /mnt/c/websites/Social Welfare/system/CodeIgniter.php(832): App\Controllers\EndofCon->coordinate1()
#1 /mnt/c/websites/Social Welfare/system/CodeIgniter.php(419): CodeIgniter\CodeIgniter->runController()
#2 /mnt/c/websites/Social Welfare/system/CodeIgniter.php(326): CodeIgniter\CodeIgniter->handleRequest()
#3 /mnt/c/websites/Social Welfare/public/index.php(37): CodeIgniter\CodeIgniter->run()
#4 /mnt/c/websites/Social Welfare/system/Commands/Server/rewrite.php(43): require_once('...')
#5 {main}
CRITICAL - 2022-11-27 02:16:09 --> Class "App\models\coordinate_1Mod" not found
#0 /mnt/c/websites/Social Welfare/system/CodeIgniter.php(832): App\Controllers\EndofCon->coordinate1()
#1 /mnt/c/websites/Social Welfare/system/CodeIgniter.php(419): CodeIgniter\CodeIgniter->runController()
#2 /mnt/c/websites/Social Welfare/system/CodeIgniter.php(326): CodeIgniter\CodeIgniter->handleRequest()
#3 /mnt/c/websites/Social Welfare/public/index.php(37): CodeIgniter\CodeIgniter->run()
#4 /mnt/c/websites/Social Welfare/system/Commands/Server/rewrite.php(43): require_once('...')
#5 {main}
CRITICAL - 2022-11-27 02:16:52 --> Class "App\models\coordinate_1Mod" not found
#0 /mnt/c/websites/Social Welfare/system/CodeIgniter.php(832): App\Controllers\EndofCon->coordinate1()
#1 /mnt/c/websites/Social Welfare/system/CodeIgniter.php(419): CodeIgniter\CodeIgniter->runController()
#2 /mnt/c/websites/Social Welfare/system/CodeIgniter.php(326): CodeIgniter\CodeIgniter->handleRequest()
#3 /mnt/c/websites/Social Welfare/public/index.php(37): CodeIgniter\CodeIgniter->run()
#4 /mnt/c/websites/Social Welfare/system/Commands/Server/rewrite.php(43): require_once('...')
#5 {main}
CRITICAL - 2022-11-27 02:16:53 --> Class "App\models\coordinate_1Mod" not found
#0 /mnt/c/websites/Social Welfare/system/CodeIgniter.php(832): App\Controllers\EndofCon->coordinate1()
#1 /mnt/c/websites/Social Welfare/system/CodeIgniter.php(419): CodeIgniter\CodeIgniter->runController()
#2 /mnt/c/websites/Social Welfare/system/CodeIgniter.php(326): CodeIgniter\CodeIgniter->handleRequest()
#3 /mnt/c/websites/Social Welfare/public/index.php(37): CodeIgniter\CodeIgniter->run()
#4 /mnt/c/websites/Social Welfare/system/Commands/Server/rewrite.php(43): require_once('...')
#5 {main}
CRITICAL - 2022-11-27 02:16:54 --> Class "App\models\coordinate_1Mod" not found
#0 /mnt/c/websites/Social Welfare/system/CodeIgniter.php(832): App\Controllers\EndofCon->coordinate1()
#1 /mnt/c/websites/Social Welfare/system/CodeIgniter.php(419): CodeIgniter\CodeIgniter->runController()
#2 /mnt/c/websites/Social Welfare/system/CodeIgniter.php(326): CodeIgniter\CodeIgniter->handleRequest()
#3 /mnt/c/websites/Social Welfare/public/index.php(37): CodeIgniter\CodeIgniter->run()
#4 /mnt/c/websites/Social Welfare/system/Commands/Server/rewrite.php(43): require_once('...')
#5 {main}
CRITICAL - 2022-11-27 02:16:54 --> Class "App\models\coordinate_1Mod" not found
#0 /mnt/c/websites/Social Welfare/system/CodeIgniter.php(832): App\Controllers\EndofCon->coordinate1()
#1 /mnt/c/websites/Social Welfare/system/CodeIgniter.php(419): CodeIgniter\CodeIgniter->runController()
#2 /mnt/c/websites/Social Welfare/system/CodeIgniter.php(326): CodeIgniter\CodeIgniter->handleRequest()
#3 /mnt/c/websites/Social Welfare/public/index.php(37): CodeIgniter\CodeIgniter->run()
#4 /mnt/c/websites/Social Welfare/system/Commands/Server/rewrite.php(43): require_once('...')
#5 {main}
CRITICAL - 2022-11-27 02:16:54 --> Class "App\models\coordinate_1Mod" not found
#0 /mnt/c/websites/Social Welfare/system/CodeIgniter.php(832): App\Controllers\EndofCon->coordinate1()
#1 /mnt/c/websites/Social Welfare/system/CodeIgniter.php(419): CodeIgniter\CodeIgniter->runController()
#2 /mnt/c/websites/Social Welfare/system/CodeIgniter.php(326): CodeIgniter\CodeIgniter->handleRequest()
#3 /mnt/c/websites/Social Welfare/public/index.php(37): CodeIgniter\CodeIgniter->run()
#4 /mnt/c/websites/Social Welfare/system/Commands/Server/rewrite.php(43): require_once('...')
#5 {main}
CRITICAL - 2022-11-27 02:17:29 --> Class "App\models\coordinate_1Mod" not found
#0 /mnt/c/websites/Social Welfare/system/CodeIgniter.php(832): App\Controllers\EndofCon->coordinate1()
#1 /mnt/c/websites/Social Welfare/system/CodeIgniter.php(419): CodeIgniter\CodeIgniter->runController()
#2 /mnt/c/websites/Social Welfare/system/CodeIgniter.php(326): CodeIgniter\CodeIgniter->handleRequest()
#3 /mnt/c/websites/Social Welfare/public/index.php(37): CodeIgniter\CodeIgniter->run()
#4 /mnt/c/websites/Social Welfare/system/Commands/Server/rewrite.php(43): require_once('...')
#5 {main}
CRITICAL - 2022-11-27 03:02:48 --> Class "App\models\coordinate_1Mod" not found
#0 /mnt/c/websites/Social Welfare/system/CodeIgniter.php(832): App\Controllers\EndofCon->coordinate1()
#1 /mnt/c/websites/Social Welfare/system/CodeIgniter.php(419): CodeIgniter\CodeIgniter->runController()
#2 /mnt/c/websites/Social Welfare/system/CodeIgniter.php(326): CodeIgniter\CodeIgniter->handleRequest()
#3 /mnt/c/websites/Social Welfare/public/index.php(37): CodeIgniter\CodeIgniter->run()
#4 /mnt/c/websites/Social Welfare/system/Commands/Server/rewrite.php(43): require_once('...')
#5 {main}
CRITICAL - 2022-11-27 03:06:45 --> Class "App\models\coordinate_1Mod" not found
#0 /mnt/c/websites/Social Welfare/system/CodeIgniter.php(832): App\Controllers\EndofCon->coordinate1()
#1 /mnt/c/websites/Social Welfare/system/CodeIgniter.php(419): CodeIgniter\CodeIgniter->runController()
#2 /mnt/c/websites/Social Welfare/system/CodeIgniter.php(326): CodeIgniter\CodeIgniter->handleRequest()
#3 /mnt/c/websites/Social Welfare/public/index.php(37): CodeIgniter\CodeIgniter->run()
#4 /mnt/c/websites/Social Welfare/system/Commands/Server/rewrite.php(43): require_once('...')
#5 {main}
CRITICAL - 2022-11-27 03:16:38 --> Class "App\Controllers\coordinate_1Mod" not found
#0 /mnt/c/websites/Social Welfare/system/CodeIgniter.php(832): App\Controllers\EndofCon->coordinate1()
#1 /mnt/c/websites/Social Welfare/system/CodeIgniter.php(419): CodeIgniter\CodeIgniter->runController()
#2 /mnt/c/websites/Social Welfare/system/CodeIgniter.php(326): CodeIgniter\CodeIgniter->handleRequest()
#3 /mnt/c/websites/Social Welfare/public/index.php(37): CodeIgniter\CodeIgniter->run()
#4 /mnt/c/websites/Social Welfare/system/Commands/Server/rewrite.php(43): require_once('...')
#5 {main}
CRITICAL - 2022-11-27 03:17:21 --> Class "App\Controllers\coordinate_1Mod" not found
#0 /mnt/c/websites/Social Welfare/system/CodeIgniter.php(832): App\Controllers\EndofCon->coordinate1()
#1 /mnt/c/websites/Social Welfare/system/CodeIgniter.php(419): CodeIgniter\CodeIgniter->runController()
#2 /mnt/c/websites/Social Welfare/system/CodeIgniter.php(326): CodeIgniter\CodeIgniter->handleRequest()
#3 /mnt/c/websites/Social Welfare/public/index.php(37): CodeIgniter\CodeIgniter->run()
#4 /mnt/c/websites/Social Welfare/system/Commands/Server/rewrite.php(43): require_once('...')
#5 {main}
CRITICAL - 2022-11-27 03:23:07 --> Class "App\Controllers\coordinate_1Mod" not found
#0 /mnt/c/websites/Social Welfare/system/CodeIgniter.php(832): App\Controllers\EndofCon->coordinate1()
#1 /mnt/c/websites/Social Welfare/system/CodeIgniter.php(419): CodeIgniter\CodeIgniter->runController()
#2 /mnt/c/websites/Social Welfare/system/CodeIgniter.php(326): CodeIgniter\CodeIgniter->handleRequest()
#3 /mnt/c/websites/Social Welfare/public/index.php(37): CodeIgniter\CodeIgniter->run()
#4 /mnt/c/websites/Social Welfare/system/Commands/Server/rewrite.php(43): require_once('...')
#5 {main}
CRITICAL - 2022-11-27 03:28:31 --> Class "App\Controllers\coordinate_1Mod" not found
#0 /mnt/c/websites/Social Welfare/system/CodeIgniter.php(832): App\Controllers\EndofCon->coordinate1()
#1 /mnt/c/websites/Social Welfare/system/CodeIgniter.php(419): CodeIgniter\CodeIgniter->runController()
#2 /mnt/c/websites/Social Welfare/system/CodeIgniter.php(326): CodeIgniter\CodeIgniter->handleRequest()
#3 /mnt/c/websites/Social Welfare/public/index.php(37): CodeIgniter\CodeIgniter->run()
#4 /mnt/c/websites/Social Welfare/system/Commands/Server/rewrite.php(43): require_once('...')
#5 {main}
CRITICAL - 2022-11-27 03:28:42 --> Class "App\Controllers\coordinate_1Mod" not found
#0 /mnt/c/websites/Social Welfare/system/CodeIgniter.php(832): App\Controllers\EndofCon->coordinate1()
#1 /mnt/c/websites/Social Welfare/system/CodeIgniter.php(419): CodeIgniter\CodeIgniter->runController()
#2 /mnt/c/websites/Social Welfare/system/CodeIgniter.php(326): CodeIgniter\CodeIgniter->handleRequest()
#3 /mnt/c/websites/Social Welfare/public/index.php(37): CodeIgniter\CodeIgniter->run()
#4 /mnt/c/websites/Social Welfare/system/Commands/Server/rewrite.php(43): require_once('...')
#5 {main}
CRITICAL - 2022-11-27 03:40:13 --> Class "App\Controllers\coordinate_1Mod" not found
#0 /mnt/c/websites/Social Welfare/system/CodeIgniter.php(832): App\Controllers\EndofCon->coordinate1()
#1 /mnt/c/websites/Social Welfare/system/CodeIgniter.php(419): CodeIgniter\CodeIgniter->runController()
#2 /mnt/c/websites/Social Welfare/system/CodeIgniter.php(326): CodeIgniter\CodeIgniter->handleRequest()
#3 /mnt/c/websites/Social Welfare/public/index.php(37): CodeIgniter\CodeIgniter->run()
#4 /mnt/c/websites/Social Welfare/system/Commands/Server/rewrite.php(43): require_once('...')
#5 {main}
CRITICAL - 2022-11-27 03:40:14 --> Class "App\Controllers\coordinate_1Mod" not found
#0 /mnt/c/websites/Social Welfare/system/CodeIgniter.php(832): App\Controllers\EndofCon->coordinate1()
#1 /mnt/c/websites/Social Welfare/system/CodeIgniter.php(419): CodeIgniter\CodeIgniter->runController()
#2 /mnt/c/websites/Social Welfare/system/CodeIgniter.php(326): CodeIgniter\CodeIgniter->handleRequest()
#3 /mnt/c/websites/Social Welfare/public/index.php(37): CodeIgniter\CodeIgniter->run()
#4 /mnt/c/websites/Social Welfare/system/Commands/Server/rewrite.php(43): require_once('...')
#5 {main}
CRITICAL - 2022-11-27 03:40:18 --> Class "App\Controllers\coordinate_1Mod" not found
#0 /mnt/c/websites/Social Welfare/system/CodeIgniter.php(832): App\Controllers\EndofCon->coordinate1()
#1 /mnt/c/websites/Social Welfare/system/CodeIgniter.php(419): CodeIgniter\CodeIgniter->runController()
#2 /mnt/c/websites/Social Welfare/system/CodeIgniter.php(326): CodeIgniter\CodeIgniter->handleRequest()
#3 /mnt/c/websites/Social Welfare/public/index.php(37): CodeIgniter\CodeIgniter->run()
#4 /mnt/c/websites/Social Welfare/system/Commands/Server/rewrite.php(43): require_once('...')
#5 {main}
