CRITICAL - 2022-12-18 02:36:49 --> Undefined variable $Act
#0 /mnt/c/websites/Social Welfare/app/Controllers/EndofCon.php(33): CodeIgniter\Debug\Exceptions->errorHandler()
#1 /mnt/c/websites/Social Welfare/system/CodeIgniter.php(832): App\Controllers\EndofCon->coordinate2()
#2 /mnt/c/websites/Social Welfare/system/CodeIgniter.php(419): CodeIgniter\CodeIgniter->runController()
#3 /mnt/c/websites/Social Welfare/system/CodeIgniter.php(326): CodeIgniter\CodeIgniter->handleRequest()
#4 /mnt/c/websites/Social Welfare/public/index.php(37): CodeIgniter\CodeIgniter->run()
#5 /mnt/c/websites/Social Welfare/system/Commands/Server/rewrite.php(43): require_once('...')
#6 {main}
CRITICAL - 2022-12-18 02:36:55 --> Undefined variable $Act
#0 /mnt/c/websites/Social Welfare/app/Controllers/EndofCon.php(33): CodeIgniter\Debug\Exceptions->errorHandler()
#1 /mnt/c/websites/Social Welfare/system/CodeIgniter.php(832): App\Controllers\EndofCon->coordinate2()
#2 /mnt/c/websites/Social Welfare/system/CodeIgniter.php(419): CodeIgniter\CodeIgniter->runController()
#3 /mnt/c/websites/Social Welfare/system/CodeIgniter.php(326): CodeIgniter\CodeIgniter->handleRequest()
#4 /mnt/c/websites/Social Welfare/public/index.php(37): CodeIgniter\CodeIgniter->run()
#5 /mnt/c/websites/Social Welfare/system/Commands/Server/rewrite.php(43): require_once('...')
#6 {main}
CRITICAL - 2022-12-18 02:38:26 --> Undefined variable $Act
#0 /mnt/c/websites/Social Welfare/app/Controllers/EndofCon.php(33): CodeIgniter\Debug\Exceptions->errorHandler()
#1 /mnt/c/websites/Social Welfare/system/CodeIgniter.php(832): App\Controllers\EndofCon->coordinate2()
#2 /mnt/c/websites/Social Welfare/system/CodeIgniter.php(419): CodeIgniter\CodeIgniter->runController()
#3 /mnt/c/websites/Social Welfare/system/CodeIgniter.php(326): CodeIgniter\CodeIgniter->handleRequest()
#4 /mnt/c/websites/Social Welfare/public/index.php(37): CodeIgniter\CodeIgniter->run()
#5 /mnt/c/websites/Social Welfare/system/Commands/Server/rewrite.php(43): require_once('...')
#6 {main}
CRITICAL - 2022-12-18 02:39:49 --> Undefined variable $Act
#0 /mnt/c/websites/Social Welfare/app/Controllers/EndofCon.php(33): CodeIgniter\Debug\Exceptions->errorHandler()
#1 /mnt/c/websites/Social Welfare/system/CodeIgniter.php(832): App\Controllers\EndofCon->coordinate2()
#2 /mnt/c/websites/Social Welfare/system/CodeIgniter.php(419): CodeIgniter\CodeIgniter->runController()
#3 /mnt/c/websites/Social Welfare/system/CodeIgniter.php(326): CodeIgniter\CodeIgniter->handleRequest()
#4 /mnt/c/websites/Social Welfare/public/index.php(37): CodeIgniter\CodeIgniter->run()
#5 /mnt/c/websites/Social Welfare/system/Commands/Server/rewrite.php(43): require_once('...')
#6 {main}
CRITICAL - 2022-12-18 02:40:30 --> Undefined variable $Act
#0 /mnt/c/websites/Social Welfare/app/Controllers/EndofCon.php(33): CodeIgniter\Debug\Exceptions->errorHandler()
#1 /mnt/c/websites/Social Welfare/system/CodeIgniter.php(832): App\Controllers\EndofCon->coordinate2()
#2 /mnt/c/websites/Social Welfare/system/CodeIgniter.php(419): CodeIgniter\CodeIgniter->runController()
#3 /mnt/c/websites/Social Welfare/system/CodeIgniter.php(326): CodeIgniter\CodeIgniter->handleRequest()
#4 /mnt/c/websites/Social Welfare/public/index.php(37): CodeIgniter\CodeIgniter->run()
#5 /mnt/c/websites/Social Welfare/system/Commands/Server/rewrite.php(43): require_once('...')
#6 {main}
CRITICAL - 2022-12-18 02:42:59 --> Undefined variable $Act
#0 /mnt/c/websites/Social Welfare/app/Controllers/EndofCon.php(33): CodeIgniter\Debug\Exceptions->errorHandler()
#1 /mnt/c/websites/Social Welfare/system/CodeIgniter.php(832): App\Controllers\EndofCon->coordinate2()
#2 /mnt/c/websites/Social Welfare/system/CodeIgniter.php(419): CodeIgniter\CodeIgniter->runController()
#3 /mnt/c/websites/Social Welfare/system/CodeIgniter.php(326): CodeIgniter\CodeIgniter->handleRequest()
#4 /mnt/c/websites/Social Welfare/public/index.php(37): CodeIgniter\CodeIgniter->run()
#5 /mnt/c/websites/Social Welfare/system/Commands/Server/rewrite.php(43): require_once('...')
#6 {main}
CRITICAL - 2022-12-18 02:43:05 --> Undefined variable $Act
#0 /mnt/c/websites/Social Welfare/app/Controllers/EndofCon.php(33): CodeIgniter\Debug\Exceptions->errorHandler()
#1 /mnt/c/websites/Social Welfare/system/CodeIgniter.php(832): App\Controllers\EndofCon->coordinate2()
#2 /mnt/c/websites/Social Welfare/system/CodeIgniter.php(419): CodeIgniter\CodeIgniter->runController()
#3 /mnt/c/websites/Social Welfare/system/CodeIgniter.php(326): CodeIgniter\CodeIgniter->handleRequest()
#4 /mnt/c/websites/Social Welfare/public/index.php(37): CodeIgniter\CodeIgniter->run()
#5 /mnt/c/websites/Social Welfare/system/Commands/Server/rewrite.php(43): require_once('...')
#6 {main}
CRITICAL - 2022-12-18 02:43:45 --> Undefined variable $Act
#0 /mnt/c/websites/Social Welfare/app/Controllers/EndofCon.php(33): CodeIgniter\Debug\Exceptions->errorHandler()
#1 /mnt/c/websites/Social Welfare/system/CodeIgniter.php(832): App\Controllers\EndofCon->coordinate2()
#2 /mnt/c/websites/Social Welfare/system/CodeIgniter.php(419): CodeIgniter\CodeIgniter->runController()
#3 /mnt/c/websites/Social Welfare/system/CodeIgniter.php(326): CodeIgniter\CodeIgniter->handleRequest()
#4 /mnt/c/websites/Social Welfare/public/index.php(37): CodeIgniter\CodeIgniter->run()
#5 /mnt/c/websites/Social Welfare/system/Commands/Server/rewrite.php(43): require_once('...')
#6 {main}
CRITICAL - 2022-12-18 02:43:51 --> Undefined variable $Act
#0 /mnt/c/websites/Social Welfare/app/Controllers/EndofCon.php(33): CodeIgniter\Debug\Exceptions->errorHandler()
#1 /mnt/c/websites/Social Welfare/system/CodeIgniter.php(832): App\Controllers\EndofCon->coordinate2()
#2 /mnt/c/websites/Social Welfare/system/CodeIgniter.php(419): CodeIgniter\CodeIgniter->runController()
#3 /mnt/c/websites/Social Welfare/system/CodeIgniter.php(326): CodeIgniter\CodeIgniter->handleRequest()
#4 /mnt/c/websites/Social Welfare/public/index.php(37): CodeIgniter\CodeIgniter->run()
#5 /mnt/c/websites/Social Welfare/system/Commands/Server/rewrite.php(43): require_once('...')
#6 {main}
CRITICAL - 2022-12-18 12:31:10 --> Undefined variable $Act
#0 /mnt/c/websites/Social Welfare/app/Controllers/EndofCon.php(33): CodeIgniter\Debug\Exceptions->errorHandler()
#1 /mnt/c/websites/Social Welfare/system/CodeIgniter.php(832): App\Controllers\EndofCon->coordinate2()
#2 /mnt/c/websites/Social Welfare/system/CodeIgniter.php(419): CodeIgniter\CodeIgniter->runController()
#3 /mnt/c/websites/Social Welfare/system/CodeIgniter.php(326): CodeIgniter\CodeIgniter->handleRequest()
#4 /mnt/c/websites/Social Welfare/public/index.php(37): CodeIgniter\CodeIgniter->run()
#5 /mnt/c/websites/Social Welfare/system/Commands/Server/rewrite.php(43): require_once('...')
#6 {main}
