CRITICAL - 2022-04-09 03:09:40 --> Call to a member function getResult() on bool
#0 /mnt/c/websites/Social Welfare/Social Welfare/system/CodeIgniter.php(832): App\Controllers\RegisterCon->reg()
#1 /mnt/c/websites/Social Welfare/Social Welfare/system/CodeIgniter.php(419): CodeIgniter\CodeIgniter->runController(Object(App\Controllers\RegisterCon))
#2 /mnt/c/websites/Social Welfare/Social Welfare/system/CodeIgniter.php(326): CodeIgniter\CodeIgniter->handleRequest(NULL, Object(Config\Cache), false)
#3 /mnt/c/websites/Social Welfare/Social Welfare/public/index.php(37): CodeIgniter\CodeIgniter->run()
#4 /mnt/c/websites/Social Welfare/Social Welfare/system/Commands/Server/rewrite.php(43): require_once('/mnt/c/websites...')
#5 {main}
CRITICAL - 2022-04-09 03:37:28 --> Argument 1 passed to CodeIgniter\Database\BaseConnection::query() must be of the type string, array given, called in /mnt/c/websites/Social Welfare/Social Welfare/system/Model.php on line 726
#0 /mnt/c/websites/Social Welfare/Social Welfare/system/Model.php(726): CodeIgniter\Database\BaseConnection->query(Array)
#1 /mnt/c/websites/Social Welfare/Social Welfare/app/Controllers/RegisterCon.php(39): CodeIgniter\Model->__call('query', Array)
#2 /mnt/c/websites/Social Welfare/Social Welfare/system/CodeIgniter.php(832): App\Controllers\RegisterCon->reg()
#3 /mnt/c/websites/Social Welfare/Social Welfare/system/CodeIgniter.php(419): CodeIgniter\CodeIgniter->runController(Object(App\Controllers\RegisterCon))
#4 /mnt/c/websites/Social Welfare/Social Welfare/system/CodeIgniter.php(326): CodeIgniter\CodeIgniter->handleRequest(NULL, Object(Config\Cache), false)
#5 /mnt/c/websites/Social Welfare/Social Welfare/public/index.php(37): CodeIgniter\CodeIgniter->run()
#6 /mnt/c/websites/Social Welfare/Social Welfare/system/Commands/Server/rewrite.php(43): require_once('/mnt/c/websites...')
#7 {main}
CRITICAL - 2022-04-09 04:18:30 --> Attempt to assign property 'num_rows' of non-object
#0 /mnt/c/websites/Social Welfare/Social Welfare/app/Controllers/RegisterCon.php(33): CodeIgniter\Debug\Exceptions->errorHandler(2, 'Attempt to assi...', '/mnt/c/websites...', 33, Array)
#1 /mnt/c/websites/Social Welfare/Social Welfare/system/CodeIgniter.php(832): App\Controllers\RegisterCon->reg()
#2 /mnt/c/websites/Social Welfare/Social Welfare/system/CodeIgniter.php(419): CodeIgniter\CodeIgniter->runController(Object(App\Controllers\RegisterCon))
#3 /mnt/c/websites/Social Welfare/Social Welfare/system/CodeIgniter.php(326): CodeIgniter\CodeIgniter->handleRequest(NULL, Object(Config\Cache), false)
#4 /mnt/c/websites/Social Welfare/Social Welfare/public/index.php(37): CodeIgniter\CodeIgniter->run()
#5 /mnt/c/websites/Social Welfare/Social Welfare/system/Commands/Server/rewrite.php(43): require_once('/mnt/c/websites...')
#6 {main}
CRITICAL - 2022-04-09 04:33:28 --> Class 'account' not found
#0 [internal function]: CodeIgniter\Debug\Exceptions->shutdownHandler()
#1 {main}
CRITICAL - 2022-04-09 04:34:10 --> Class 'qwe' not found
#0 [internal function]: CodeIgniter\Debug\Exceptions->shutdownHandler()
#1 {main}
CRITICAL - 2022-04-09 04:35:37 --> Class 'qwe' not found
#0 [internal function]: CodeIgniter\Debug\Exceptions->shutdownHandler()
#1 {main}
CRITICAL - 2022-04-09 04:35:57 --> Cannot use object of type stdClass as array
#0 /mnt/c/websites/Social Welfare/Social Welfare/system/CodeIgniter.php(832): App\Controllers\RegisterCon->reg()
#1 /mnt/c/websites/Social Welfare/Social Welfare/system/CodeIgniter.php(419): CodeIgniter\CodeIgniter->runController(Object(App\Controllers\RegisterCon))
#2 /mnt/c/websites/Social Welfare/Social Welfare/system/CodeIgniter.php(326): CodeIgniter\CodeIgniter->handleRequest(NULL, Object(Config\Cache), false)
#3 /mnt/c/websites/Social Welfare/Social Welfare/public/index.php(37): CodeIgniter\CodeIgniter->run()
#4 /mnt/c/websites/Social Welfare/Social Welfare/system/Commands/Server/rewrite.php(43): require_once('/mnt/c/websites...')
#5 {main}
CRITICAL - 2022-04-09 04:37:58 --> Cannot use object of type stdClass as array
#0 /mnt/c/websites/Social Welfare/Social Welfare/system/CodeIgniter.php(832): App\Controllers\RegisterCon->reg()
#1 /mnt/c/websites/Social Welfare/Social Welfare/system/CodeIgniter.php(419): CodeIgniter\CodeIgniter->runController(Object(App\Controllers\RegisterCon))
#2 /mnt/c/websites/Social Welfare/Social Welfare/system/CodeIgniter.php(326): CodeIgniter\CodeIgniter->handleRequest(NULL, Object(Config\Cache), false)
#3 /mnt/c/websites/Social Welfare/Social Welfare/public/index.php(37): CodeIgniter\CodeIgniter->run()
#4 /mnt/c/websites/Social Welfare/Social Welfare/system/Commands/Server/rewrite.php(43): require_once('/mnt/c/websites...')
#5 {main}
CRITICAL - 2022-04-09 04:38:49 --> Cannot use object of type stdClass as array
#0 /mnt/c/websites/Social Welfare/Social Welfare/system/CodeIgniter.php(832): App\Controllers\RegisterCon->reg()
#1 /mnt/c/websites/Social Welfare/Social Welfare/system/CodeIgniter.php(419): CodeIgniter\CodeIgniter->runController(Object(App\Controllers\RegisterCon))
#2 /mnt/c/websites/Social Welfare/Social Welfare/system/CodeIgniter.php(326): CodeIgniter\CodeIgniter->handleRequest(NULL, Object(Config\Cache), false)
#3 /mnt/c/websites/Social Welfare/Social Welfare/public/index.php(37): CodeIgniter\CodeIgniter->run()
#4 /mnt/c/websites/Social Welfare/Social Welfare/system/Commands/Server/rewrite.php(43): require_once('/mnt/c/websites...')
#5 {main}
CRITICAL - 2022-04-09 04:38:56 --> Cannot use object of type stdClass as array
#0 /mnt/c/websites/Social Welfare/Social Welfare/system/CodeIgniter.php(832): App\Controllers\RegisterCon->reg()
#1 /mnt/c/websites/Social Welfare/Social Welfare/system/CodeIgniter.php(419): CodeIgniter\CodeIgniter->runController(Object(App\Controllers\RegisterCon))
#2 /mnt/c/websites/Social Welfare/Social Welfare/system/CodeIgniter.php(326): CodeIgniter\CodeIgniter->handleRequest(NULL, Object(Config\Cache), false)
#3 /mnt/c/websites/Social Welfare/Social Welfare/public/index.php(37): CodeIgniter\CodeIgniter->run()
#4 /mnt/c/websites/Social Welfare/Social Welfare/system/Commands/Server/rewrite.php(43): require_once('/mnt/c/websites...')
#5 {main}
CRITICAL - 2022-04-09 04:47:50 --> Call to a member function getResult() on bool
#0 /mnt/c/websites/Social Welfare/Social Welfare/system/CodeIgniter.php(832): App\Controllers\RegisterCon->reg()
#1 /mnt/c/websites/Social Welfare/Social Welfare/system/CodeIgniter.php(419): CodeIgniter\CodeIgniter->runController(Object(App\Controllers\RegisterCon))
#2 /mnt/c/websites/Social Welfare/Social Welfare/system/CodeIgniter.php(326): CodeIgniter\CodeIgniter->handleRequest(NULL, Object(Config\Cache), false)
#3 /mnt/c/websites/Social Welfare/Social Welfare/public/index.php(37): CodeIgniter\CodeIgniter->run()
#4 /mnt/c/websites/Social Welfare/Social Welfare/system/Commands/Server/rewrite.php(43): require_once('/mnt/c/websites...')
#5 {main}
