CRITICAL - 2022-10-26 01:57:10 --> Undefined constant "CodeIgniter\Database\MySQLi\MYSQLI_STORE_RESULT"
#0 C:\websites\Social Welfare\system\Database\Database.php(56): CodeIgniter\Database\Database->initDriver()
#1 C:\websites\Social Welfare\system\Database\Config.php(78): CodeIgniter\Database\Database->load()
#2 C:\websites\Social Welfare\system\Model.php(97): CodeIgniter\Database\Config::connect()
#3 C:\websites\Social Welfare\app\Controllers\VolunteerCon.php(20): CodeIgniter\Model->__construct()
#4 C:\websites\Social Welfare\system\CodeIgniter.php(832): App\Controllers\VolunteerCon->act()
#5 C:\websites\Social Welfare\system\CodeIgniter.php(419): CodeIgniter\CodeIgniter->runController()
#6 C:\websites\Social Welfare\system\CodeIgniter.php(326): CodeIgniter\CodeIgniter->handleRequest()
#7 C:\websites\Social Welfare\public\index.php(37): CodeIgniter\CodeIgniter->run()
#8 C:\websites\Social Welfare\system\Commands\Server\rewrite.php(43): require_once('...')
#9 {main}
CRITICAL - 2022-10-26 02:02:59 --> Undefined constant "CodeIgniter\Database\MySQLi\MYSQLI_STORE_RESULT"
#0 C:\websites\Social Welfare\system\Database\Database.php(56): CodeIgniter\Database\Database->initDriver()
#1 C:\websites\Social Welfare\system\Database\Config.php(78): CodeIgniter\Database\Database->load()
#2 C:\websites\Social Welfare\system\Model.php(97): CodeIgniter\Database\Config::connect()
#3 C:\websites\Social Welfare\app\Controllers\VolunteerCon.php(20): CodeIgniter\Model->__construct()
#4 C:\websites\Social Welfare\system\CodeIgniter.php(832): App\Controllers\VolunteerCon->act()
#5 C:\websites\Social Welfare\system\CodeIgniter.php(419): CodeIgniter\CodeIgniter->runController()
#6 C:\websites\Social Welfare\system\CodeIgniter.php(326): CodeIgniter\CodeIgniter->handleRequest()
#7 C:\websites\Social Welfare\public\index.php(37): CodeIgniter\CodeIgniter->run()
#8 C:\websites\Social Welfare\system\Commands\Server\rewrite.php(43): require_once('...')
#9 {main}
CRITICAL - 2022-10-26 02:03:03 --> Undefined constant "CodeIgniter\Database\MySQLi\MYSQLI_STORE_RESULT"
#0 C:\websites\Social Welfare\system\Database\Database.php(56): CodeIgniter\Database\Database->initDriver()
#1 C:\websites\Social Welfare\system\Database\Config.php(78): CodeIgniter\Database\Database->load()
#2 C:\websites\Social Welfare\system\Model.php(97): CodeIgniter\Database\Config::connect()
#3 C:\websites\Social Welfare\app\Controllers\VolunteerCon.php(28): CodeIgniter\Model->__construct()
#4 C:\websites\Social Welfare\system\CodeIgniter.php(832): App\Controllers\VolunteerCon->vol()
#5 C:\websites\Social Welfare\system\CodeIgniter.php(419): CodeIgniter\CodeIgniter->runController()
#6 C:\websites\Social Welfare\system\CodeIgniter.php(326): CodeIgniter\CodeIgniter->handleRequest()
#7 C:\websites\Social Welfare\public\index.php(37): CodeIgniter\CodeIgniter->run()
#8 C:\websites\Social Welfare\system\Commands\Server\rewrite.php(43): require_once('...')
#9 {main}
CRITICAL - 2022-10-26 02:03:10 --> Undefined constant "CodeIgniter\Database\MySQLi\MYSQLI_STORE_RESULT"
#0 C:\websites\Social Welfare\system\Database\Database.php(56): CodeIgniter\Database\Database->initDriver()
#1 C:\websites\Social Welfare\system\Database\Config.php(78): CodeIgniter\Database\Database->load()
#2 C:\websites\Social Welfare\system\Model.php(97): CodeIgniter\Database\Config::connect()
#3 C:\websites\Social Welfare\app\Controllers\VolunteerCon.php(20): CodeIgniter\Model->__construct()
#4 C:\websites\Social Welfare\system\CodeIgniter.php(832): App\Controllers\VolunteerCon->act()
#5 C:\websites\Social Welfare\system\CodeIgniter.php(419): CodeIgniter\CodeIgniter->runController()
#6 C:\websites\Social Welfare\system\CodeIgniter.php(326): CodeIgniter\CodeIgniter->handleRequest()
#7 C:\websites\Social Welfare\public\index.php(37): CodeIgniter\CodeIgniter->run()
#8 C:\websites\Social Welfare\system\Commands\Server\rewrite.php(43): require_once('...')
#9 {main}
CRITICAL - 2022-10-26 02:03:15 --> Undefined constant "CodeIgniter\Database\MySQLi\MYSQLI_STORE_RESULT"
#0 C:\websites\Social Welfare\system\Database\Database.php(56): CodeIgniter\Database\Database->initDriver()
#1 C:\websites\Social Welfare\system\Database\Config.php(78): CodeIgniter\Database\Database->load()
#2 C:\websites\Social Welfare\system\Model.php(97): CodeIgniter\Database\Config::connect()
#3 C:\websites\Social Welfare\app\Controllers\VolunteerCon.php(20): CodeIgniter\Model->__construct()
#4 C:\websites\Social Welfare\system\CodeIgniter.php(832): App\Controllers\VolunteerCon->act()
#5 C:\websites\Social Welfare\system\CodeIgniter.php(419): CodeIgniter\CodeIgniter->runController()
#6 C:\websites\Social Welfare\system\CodeIgniter.php(326): CodeIgniter\CodeIgniter->handleRequest()
#7 C:\websites\Social Welfare\public\index.php(37): CodeIgniter\CodeIgniter->run()
#8 C:\websites\Social Welfare\system\Commands\Server\rewrite.php(43): require_once('...')
#9 {main}
CRITICAL - 2022-10-26 02:08:21 --> Undefined constant "CodeIgniter\Database\MySQLi\MYSQLI_STORE_RESULT"
#0 C:\websites\Social Welfare\system\Database\Database.php(56): CodeIgniter\Database\Database->initDriver()
#1 C:\websites\Social Welfare\system\Database\Config.php(78): CodeIgniter\Database\Database->load()
#2 C:\websites\Social Welfare\system\Model.php(97): CodeIgniter\Database\Config::connect()
#3 C:\websites\Social Welfare\app\Controllers\VolunteerCon.php(20): CodeIgniter\Model->__construct()
#4 C:\websites\Social Welfare\system\CodeIgniter.php(832): App\Controllers\VolunteerCon->act()
#5 C:\websites\Social Welfare\system\CodeIgniter.php(419): CodeIgniter\CodeIgniter->runController()
#6 C:\websites\Social Welfare\system\CodeIgniter.php(326): CodeIgniter\CodeIgniter->handleRequest()
#7 C:\websites\Social Welfare\public\index.php(37): CodeIgniter\CodeIgniter->run()
#8 C:\websites\Social Welfare\system\Commands\Server\rewrite.php(43): require_once('...')
#9 {main}
CRITICAL - 2022-10-26 02:50:46 --> Undefined constant "CodeIgniter\Database\MySQLi\MYSQLI_STORE_RESULT"
#0 C:\websites\Social Welfare\system\Database\Database.php(56): CodeIgniter\Database\Database->initDriver()
#1 C:\websites\Social Welfare\system\Database\Config.php(78): CodeIgniter\Database\Database->load()
#2 C:\websites\Social Welfare\system\Model.php(97): CodeIgniter\Database\Config::connect()
#3 C:\websites\Social Welfare\app\Controllers\VolunteerCon.php(20): CodeIgniter\Model->__construct()
#4 C:\websites\Social Welfare\system\CodeIgniter.php(832): App\Controllers\VolunteerCon->act()
#5 C:\websites\Social Welfare\system\CodeIgniter.php(419): CodeIgniter\CodeIgniter->runController()
#6 C:\websites\Social Welfare\system\CodeIgniter.php(326): CodeIgniter\CodeIgniter->handleRequest()
#7 C:\websites\Social Welfare\public\index.php(37): CodeIgniter\CodeIgniter->run()
#8 C:\websites\Social Welfare\system\Commands\Server\rewrite.php(43): require_once('...')
#9 {main}
CRITICAL - 2022-10-26 02:51:00 --> Undefined constant "CodeIgniter\Database\MySQLi\MYSQLI_STORE_RESULT"
#0 C:\websites\Social Welfare\system\Database\Database.php(56): CodeIgniter\Database\Database->initDriver()
#1 C:\websites\Social Welfare\system\Database\Config.php(78): CodeIgniter\Database\Database->load()
#2 C:\websites\Social Welfare\system\Model.php(97): CodeIgniter\Database\Config::connect()
#3 C:\websites\Social Welfare\app\Controllers\VolunteerCon.php(20): CodeIgniter\Model->__construct()
#4 C:\websites\Social Welfare\system\CodeIgniter.php(832): App\Controllers\VolunteerCon->act()
#5 C:\websites\Social Welfare\system\CodeIgniter.php(419): CodeIgniter\CodeIgniter->runController()
#6 C:\websites\Social Welfare\system\CodeIgniter.php(326): CodeIgniter\CodeIgniter->handleRequest()
#7 C:\websites\Social Welfare\public\index.php(37): CodeIgniter\CodeIgniter->run()
#8 C:\websites\Social Welfare\system\Commands\Server\rewrite.php(43): require_once('...')
#9 {main}
CRITICAL - 2022-10-26 02:56:11 --> Class "CodeIgniter\Database\Mariadb\Connection" not found
#0 C:\websites\Social Welfare\system\Database\Database.php(56): CodeIgniter\Database\Database->initDriver()
#1 C:\websites\Social Welfare\system\Database\Config.php(78): CodeIgniter\Database\Database->load()
#2 C:\websites\Social Welfare\system\Model.php(97): CodeIgniter\Database\Config::connect()
#3 C:\websites\Social Welfare\app\Controllers\VolunteerCon.php(20): CodeIgniter\Model->__construct()
#4 C:\websites\Social Welfare\system\CodeIgniter.php(832): App\Controllers\VolunteerCon->act()
#5 C:\websites\Social Welfare\system\CodeIgniter.php(419): CodeIgniter\CodeIgniter->runController()
#6 C:\websites\Social Welfare\system\CodeIgniter.php(326): CodeIgniter\CodeIgniter->handleRequest()
#7 C:\websites\Social Welfare\public\index.php(37): CodeIgniter\CodeIgniter->run()
#8 C:\websites\Social Welfare\system\Commands\Server\rewrite.php(43): require_once('...')
#9 {main}
CRITICAL - 2022-10-26 02:56:26 --> Class "CodeIgniter\Database\Mariadb\Connection" not found
#0 C:\websites\Social Welfare\system\Database\Database.php(56): CodeIgniter\Database\Database->initDriver()
#1 C:\websites\Social Welfare\system\Database\Config.php(78): CodeIgniter\Database\Database->load()
#2 C:\websites\Social Welfare\system\Model.php(97): CodeIgniter\Database\Config::connect()
#3 C:\websites\Social Welfare\app\Controllers\VolunteerCon.php(20): CodeIgniter\Model->__construct()
#4 C:\websites\Social Welfare\system\CodeIgniter.php(832): App\Controllers\VolunteerCon->act()
#5 C:\websites\Social Welfare\system\CodeIgniter.php(419): CodeIgniter\CodeIgniter->runController()
#6 C:\websites\Social Welfare\system\CodeIgniter.php(326): CodeIgniter\CodeIgniter->handleRequest()
#7 C:\websites\Social Welfare\public\index.php(37): CodeIgniter\CodeIgniter->run()
#8 C:\websites\Social Welfare\system\Commands\Server\rewrite.php(43): require_once('...')
#9 {main}
CRITICAL - 2022-10-26 03:30:30 --> Undefined constant "CodeIgniter\Database\MySQLi\MYSQLI_STORE_RESULT"
#0 C:\websites\Social Welfare\system\Database\Database.php(56): CodeIgniter\Database\Database->initDriver()
#1 C:\websites\Social Welfare\system\Database\Config.php(78): CodeIgniter\Database\Database->load()
#2 C:\websites\Social Welfare\system\Model.php(97): CodeIgniter\Database\Config::connect()
#3 C:\websites\Social Welfare\app\Controllers\VolunteerCon.php(20): CodeIgniter\Model->__construct()
#4 C:\websites\Social Welfare\system\CodeIgniter.php(832): App\Controllers\VolunteerCon->act()
#5 C:\websites\Social Welfare\system\CodeIgniter.php(419): CodeIgniter\CodeIgniter->runController()
#6 C:\websites\Social Welfare\system\CodeIgniter.php(326): CodeIgniter\CodeIgniter->handleRequest()
#7 C:\websites\Social Welfare\public\index.php(37): CodeIgniter\CodeIgniter->run()
#8 C:\websites\Social Welfare\system\Commands\Server\rewrite.php(43): require_once('...')
#9 {main}
CRITICAL - 2022-10-26 03:31:41 --> Class "CodeIgniter\Database\MySQL\Connection" not found
#0 C:\websites\Social Welfare\system\Database\Database.php(56): CodeIgniter\Database\Database->initDriver()
#1 C:\websites\Social Welfare\system\Database\Config.php(78): CodeIgniter\Database\Database->load()
#2 C:\websites\Social Welfare\system\Model.php(97): CodeIgniter\Database\Config::connect()
#3 C:\websites\Social Welfare\app\Controllers\VolunteerCon.php(20): CodeIgniter\Model->__construct()
#4 C:\websites\Social Welfare\system\CodeIgniter.php(832): App\Controllers\VolunteerCon->act()
#5 C:\websites\Social Welfare\system\CodeIgniter.php(419): CodeIgniter\CodeIgniter->runController()
#6 C:\websites\Social Welfare\system\CodeIgniter.php(326): CodeIgniter\CodeIgniter->handleRequest()
#7 C:\websites\Social Welfare\public\index.php(37): CodeIgniter\CodeIgniter->run()
#8 C:\websites\Social Welfare\system\Commands\Server\rewrite.php(43): require_once('...')
#9 {main}
