CRITICAL - 2022-10-22 02:05:40 --> Undefined constant "CodeIgniter\Database\MySQLi\MYSQLI_STORE_RESULT"
#0 C:\websites\Social Welfare\system\Database\Database.php(56): CodeIgniter\Database\Database->initDriver()
#1 C:\websites\Social Welfare\system\Database\Config.php(78): CodeIgniter\Database\Database->load()
#2 C:\websites\Social Welfare\system\Model.php(97): CodeIgniter\Database\Config::connect()
#3 C:\websites\Social Welfare\app\Controllers\VolunteerCon.php(20): CodeIgniter\Model->__construct()
#4 C:\websites\Social Welfare\system\CodeIgniter.php(832): App\Controllers\VolunteerCon->act()
#5 C:\websites\Social Welfare\system\CodeIgniter.php(419): CodeIgniter\CodeIgniter->runController()
#6 C:\websites\Social Welfare\system\CodeIgniter.php(326): CodeIgniter\CodeIgniter->handleRequest()
#7 C:\websites\Social Welfare\public\index.php(37): CodeIgniter\CodeIgniter->run()
#8 C:\websites\Social Welfare\system\Commands\Server\rewrite.php(43): require_once('...')
#9 {main}
CRITICAL - 2022-10-22 02:05:44 --> Undefined constant "CodeIgniter\Database\MySQLi\MYSQLI_STORE_RESULT"
#0 C:\websites\Social Welfare\system\Database\Database.php(56): CodeIgniter\Database\Database->initDriver()
#1 C:\websites\Social Welfare\system\Database\Config.php(78): CodeIgniter\Database\Database->load()
#2 C:\websites\Social Welfare\system\Model.php(97): CodeIgniter\Database\Config::connect()
#3 C:\websites\Social Welfare\app\Controllers\VolunteerCon.php(28): CodeIgniter\Model->__construct()
#4 C:\websites\Social Welfare\system\CodeIgniter.php(832): App\Controllers\VolunteerCon->vol()
#5 C:\websites\Social Welfare\system\CodeIgniter.php(419): CodeIgniter\CodeIgniter->runController()
#6 C:\websites\Social Welfare\system\CodeIgniter.php(326): CodeIgniter\CodeIgniter->handleRequest()
#7 C:\websites\Social Welfare\public\index.php(37): CodeIgniter\CodeIgniter->run()
#8 C:\websites\Social Welfare\system\Commands\Server\rewrite.php(43): require_once('...')
#9 {main}
CRITICAL - 2022-10-22 02:05:46 --> Undefined constant "CodeIgniter\Database\MySQLi\MYSQLI_STORE_RESULT"
#0 C:\websites\Social Welfare\system\Database\Database.php(56): CodeIgniter\Database\Database->initDriver()
#1 C:\websites\Social Welfare\system\Database\Config.php(78): CodeIgniter\Database\Database->load()
#2 C:\websites\Social Welfare\system\Model.php(97): CodeIgniter\Database\Config::connect()
#3 C:\websites\Social Welfare\app\Controllers\VolunteerCon.php(20): CodeIgniter\Model->__construct()
#4 C:\websites\Social Welfare\system\CodeIgniter.php(832): App\Controllers\VolunteerCon->act()
#5 C:\websites\Social Welfare\system\CodeIgniter.php(419): CodeIgniter\CodeIgniter->runController()
#6 C:\websites\Social Welfare\system\CodeIgniter.php(326): CodeIgniter\CodeIgniter->handleRequest()
#7 C:\websites\Social Welfare\public\index.php(37): CodeIgniter\CodeIgniter->run()
#8 C:\websites\Social Welfare\system\Commands\Server\rewrite.php(43): require_once('...')
#9 {main}
CRITICAL - 2022-10-22 02:06:23 --> Undefined constant "CodeIgniter\Database\MySQLi\MYSQLI_STORE_RESULT"
#0 C:\websites\Social Welfare\system\Database\Database.php(56): CodeIgniter\Database\Database->initDriver()
#1 C:\websites\Social Welfare\system\Database\Config.php(78): CodeIgniter\Database\Database->load()
#2 C:\websites\Social Welfare\system\Model.php(97): CodeIgniter\Database\Config::connect()
#3 C:\websites\Social Welfare\app\Controllers\VolunteerCon.php(20): CodeIgniter\Model->__construct()
#4 C:\websites\Social Welfare\system\CodeIgniter.php(832): App\Controllers\VolunteerCon->act()
#5 C:\websites\Social Welfare\system\CodeIgniter.php(419): CodeIgniter\CodeIgniter->runController()
#6 C:\websites\Social Welfare\system\CodeIgniter.php(326): CodeIgniter\CodeIgniter->handleRequest()
#7 C:\websites\Social Welfare\public\index.php(37): CodeIgniter\CodeIgniter->run()
#8 C:\websites\Social Welfare\system\Commands\Server\rewrite.php(43): require_once('...')
#9 {main}
CRITICAL - 2022-10-22 02:08:05 --> Undefined constant "CodeIgniter\Database\MySQLi\MYSQLI_STORE_RESULT"
#0 C:\websites\Social Welfare\system\Database\Database.php(56): CodeIgniter\Database\Database->initDriver()
#1 C:\websites\Social Welfare\system\Database\Config.php(78): CodeIgniter\Database\Database->load()
#2 C:\websites\Social Welfare\system\Model.php(97): CodeIgniter\Database\Config::connect()
#3 C:\websites\Social Welfare\app\Controllers\EndofCon.php(18): CodeIgniter\Model->__construct()
#4 C:\websites\Social Welfare\system\CodeIgniter.php(832): App\Controllers\EndofCon->Fs()
#5 C:\websites\Social Welfare\system\CodeIgniter.php(419): CodeIgniter\CodeIgniter->runController()
#6 C:\websites\Social Welfare\system\CodeIgniter.php(326): CodeIgniter\CodeIgniter->handleRequest()
#7 C:\websites\Social Welfare\public\index.php(37): CodeIgniter\CodeIgniter->run()
#8 C:\websites\Social Welfare\system\Commands\Server\rewrite.php(43): require_once('...')
#9 {main}
CRITICAL - 2022-10-22 02:08:11 --> Undefined constant "CodeIgniter\Database\MySQLi\MYSQLI_STORE_RESULT"
#0 C:\websites\Social Welfare\system\Database\Database.php(56): CodeIgniter\Database\Database->initDriver()
#1 C:\websites\Social Welfare\system\Database\Config.php(78): CodeIgniter\Database\Database->load()
#2 C:\websites\Social Welfare\system\Model.php(97): CodeIgniter\Database\Config::connect()
#3 C:\websites\Social Welfare\app\Controllers\HospitalCon.php(20): CodeIgniter\Model->__construct()
#4 C:\websites\Social Welfare\system\CodeIgniter.php(832): App\Controllers\HospitalCon->HosCon()
#5 C:\websites\Social Welfare\system\CodeIgniter.php(419): CodeIgniter\CodeIgniter->runController()
#6 C:\websites\Social Welfare\system\CodeIgniter.php(326): CodeIgniter\CodeIgniter->handleRequest()
#7 C:\websites\Social Welfare\public\index.php(37): CodeIgniter\CodeIgniter->run()
#8 C:\websites\Social Welfare\system\Commands\Server\rewrite.php(43): require_once('...')
#9 {main}
CRITICAL - 2022-10-22 02:08:13 --> Undefined constant "CodeIgniter\Database\MySQLi\MYSQLI_STORE_RESULT"
#0 C:\websites\Social Welfare\system\Database\Database.php(56): CodeIgniter\Database\Database->initDriver()
#1 C:\websites\Social Welfare\system\Database\Config.php(78): CodeIgniter\Database\Database->load()
#2 C:\websites\Social Welfare\system\Model.php(97): CodeIgniter\Database\Config::connect()
#3 C:\websites\Social Welfare\app\Controllers\VolunteerCon.php(28): CodeIgniter\Model->__construct()
#4 C:\websites\Social Welfare\system\CodeIgniter.php(832): App\Controllers\VolunteerCon->vol()
#5 C:\websites\Social Welfare\system\CodeIgniter.php(419): CodeIgniter\CodeIgniter->runController()
#6 C:\websites\Social Welfare\system\CodeIgniter.php(326): CodeIgniter\CodeIgniter->handleRequest()
#7 C:\websites\Social Welfare\public\index.php(37): CodeIgniter\CodeIgniter->run()
#8 C:\websites\Social Welfare\system\Commands\Server\rewrite.php(43): require_once('...')
#9 {main}
CRITICAL - 2022-10-22 02:08:14 --> Undefined constant "CodeIgniter\Database\MySQLi\MYSQLI_STORE_RESULT"
#0 C:\websites\Social Welfare\system\Database\Database.php(56): CodeIgniter\Database\Database->initDriver()
#1 C:\websites\Social Welfare\system\Database\Config.php(78): CodeIgniter\Database\Database->load()
#2 C:\websites\Social Welfare\system\Model.php(97): CodeIgniter\Database\Config::connect()
#3 C:\websites\Social Welfare\app\Controllers\VolunteerCon.php(20): CodeIgniter\Model->__construct()
#4 C:\websites\Social Welfare\system\CodeIgniter.php(832): App\Controllers\VolunteerCon->act()
#5 C:\websites\Social Welfare\system\CodeIgniter.php(419): CodeIgniter\CodeIgniter->runController()
#6 C:\websites\Social Welfare\system\CodeIgniter.php(326): CodeIgniter\CodeIgniter->handleRequest()
#7 C:\websites\Social Welfare\public\index.php(37): CodeIgniter\CodeIgniter->run()
#8 C:\websites\Social Welfare\system\Commands\Server\rewrite.php(43): require_once('...')
#9 {main}
CRITICAL - 2022-10-22 02:24:26 --> Undefined constant "CodeIgniter\Database\MySQLi\MYSQLI_STORE_RESULT"
#0 C:\websites\Social Welfare\system\Database\Database.php(56): CodeIgniter\Database\Database->initDriver()
#1 C:\websites\Social Welfare\system\Database\Config.php(78): CodeIgniter\Database\Database->load()
#2 C:\websites\Social Welfare\system\Model.php(97): CodeIgniter\Database\Config::connect()
#3 C:\websites\Social Welfare\app\Controllers\VolunteerCon.php(20): CodeIgniter\Model->__construct()
#4 C:\websites\Social Welfare\system\CodeIgniter.php(832): App\Controllers\VolunteerCon->act()
#5 C:\websites\Social Welfare\system\CodeIgniter.php(419): CodeIgniter\CodeIgniter->runController()
#6 C:\websites\Social Welfare\system\CodeIgniter.php(326): CodeIgniter\CodeIgniter->handleRequest()
#7 C:\websites\Social Welfare\public\index.php(37): CodeIgniter\CodeIgniter->run()
#8 C:\websites\Social Welfare\system\Commands\Server\rewrite.php(43): require_once('...')
#9 {main}
CRITICAL - 2022-10-22 02:24:28 --> Undefined constant "CodeIgniter\Database\MySQLi\MYSQLI_STORE_RESULT"
#0 C:\websites\Social Welfare\system\Database\Database.php(56): CodeIgniter\Database\Database->initDriver()
#1 C:\websites\Social Welfare\system\Database\Config.php(78): CodeIgniter\Database\Database->load()
#2 C:\websites\Social Welfare\system\Model.php(97): CodeIgniter\Database\Config::connect()
#3 C:\websites\Social Welfare\app\Controllers\VolunteerCon.php(28): CodeIgniter\Model->__construct()
#4 C:\websites\Social Welfare\system\CodeIgniter.php(832): App\Controllers\VolunteerCon->vol()
#5 C:\websites\Social Welfare\system\CodeIgniter.php(419): CodeIgniter\CodeIgniter->runController()
#6 C:\websites\Social Welfare\system\CodeIgniter.php(326): CodeIgniter\CodeIgniter->handleRequest()
#7 C:\websites\Social Welfare\public\index.php(37): CodeIgniter\CodeIgniter->run()
#8 C:\websites\Social Welfare\system\Commands\Server\rewrite.php(43): require_once('...')
#9 {main}
CRITICAL - 2022-10-22 02:24:30 --> Undefined constant "CodeIgniter\Database\MySQLi\MYSQLI_STORE_RESULT"
#0 C:\websites\Social Welfare\system\Database\Database.php(56): CodeIgniter\Database\Database->initDriver()
#1 C:\websites\Social Welfare\system\Database\Config.php(78): CodeIgniter\Database\Database->load()
#2 C:\websites\Social Welfare\system\Model.php(97): CodeIgniter\Database\Config::connect()
#3 C:\websites\Social Welfare\app\Controllers\HospitalCon.php(20): CodeIgniter\Model->__construct()
#4 C:\websites\Social Welfare\system\CodeIgniter.php(832): App\Controllers\HospitalCon->HosCon()
#5 C:\websites\Social Welfare\system\CodeIgniter.php(419): CodeIgniter\CodeIgniter->runController()
#6 C:\websites\Social Welfare\system\CodeIgniter.php(326): CodeIgniter\CodeIgniter->handleRequest()
#7 C:\websites\Social Welfare\public\index.php(37): CodeIgniter\CodeIgniter->run()
#8 C:\websites\Social Welfare\system\Commands\Server\rewrite.php(43): require_once('...')
#9 {main}
CRITICAL - 2022-10-22 02:24:31 --> Undefined constant "CodeIgniter\Database\MySQLi\MYSQLI_STORE_RESULT"
#0 C:\websites\Social Welfare\system\Database\Database.php(56): CodeIgniter\Database\Database->initDriver()
#1 C:\websites\Social Welfare\system\Database\Config.php(78): CodeIgniter\Database\Database->load()
#2 C:\websites\Social Welfare\system\Model.php(97): CodeIgniter\Database\Config::connect()
#3 C:\websites\Social Welfare\app\Controllers\EndofCon.php(18): CodeIgniter\Model->__construct()
#4 C:\websites\Social Welfare\system\CodeIgniter.php(832): App\Controllers\EndofCon->Fs()
#5 C:\websites\Social Welfare\system\CodeIgniter.php(419): CodeIgniter\CodeIgniter->runController()
#6 C:\websites\Social Welfare\system\CodeIgniter.php(326): CodeIgniter\CodeIgniter->handleRequest()
#7 C:\websites\Social Welfare\public\index.php(37): CodeIgniter\CodeIgniter->run()
#8 C:\websites\Social Welfare\system\Commands\Server\rewrite.php(43): require_once('...')
#9 {main}
CRITICAL - 2022-10-22 04:35:27 --> Undefined constant "CodeIgniter\Database\MySQLi\MYSQLI_STORE_RESULT"
#0 C:\websites\Social Welfare\system\Database\Database.php(56): CodeIgniter\Database\Database->initDriver()
#1 C:\websites\Social Welfare\system\Database\Config.php(78): CodeIgniter\Database\Database->load()
#2 C:\websites\Social Welfare\system\Model.php(97): CodeIgniter\Database\Config::connect()
#3 C:\websites\Social Welfare\app\Controllers\VolunteerCon.php(20): CodeIgniter\Model->__construct()
#4 C:\websites\Social Welfare\system\CodeIgniter.php(832): App\Controllers\VolunteerCon->act()
#5 C:\websites\Social Welfare\system\CodeIgniter.php(419): CodeIgniter\CodeIgniter->runController()
#6 C:\websites\Social Welfare\system\CodeIgniter.php(326): CodeIgniter\CodeIgniter->handleRequest()
#7 C:\websites\Social Welfare\public\index.php(37): CodeIgniter\CodeIgniter->run()
#8 C:\websites\Social Welfare\system\Commands\Server\rewrite.php(43): require_once('...')
#9 {main}
CRITICAL - 2022-10-22 04:35:30 --> Undefined constant "CodeIgniter\Database\MySQLi\MYSQLI_STORE_RESULT"
#0 C:\websites\Social Welfare\system\Database\Database.php(56): CodeIgniter\Database\Database->initDriver()
#1 C:\websites\Social Welfare\system\Database\Config.php(78): CodeIgniter\Database\Database->load()
#2 C:\websites\Social Welfare\system\Model.php(97): CodeIgniter\Database\Config::connect()
#3 C:\websites\Social Welfare\app\Controllers\VolunteerCon.php(28): CodeIgniter\Model->__construct()
#4 C:\websites\Social Welfare\system\CodeIgniter.php(832): App\Controllers\VolunteerCon->vol()
#5 C:\websites\Social Welfare\system\CodeIgniter.php(419): CodeIgniter\CodeIgniter->runController()
#6 C:\websites\Social Welfare\system\CodeIgniter.php(326): CodeIgniter\CodeIgniter->handleRequest()
#7 C:\websites\Social Welfare\public\index.php(37): CodeIgniter\CodeIgniter->run()
#8 C:\websites\Social Welfare\system\Commands\Server\rewrite.php(43): require_once('...')
#9 {main}
CRITICAL - 2022-10-22 04:35:32 --> Undefined constant "CodeIgniter\Database\MySQLi\MYSQLI_STORE_RESULT"
#0 C:\websites\Social Welfare\system\Database\Database.php(56): CodeIgniter\Database\Database->initDriver()
#1 C:\websites\Social Welfare\system\Database\Config.php(78): CodeIgniter\Database\Database->load()
#2 C:\websites\Social Welfare\system\Model.php(97): CodeIgniter\Database\Config::connect()
#3 C:\websites\Social Welfare\app\Controllers\HospitalCon.php(20): CodeIgniter\Model->__construct()
#4 C:\websites\Social Welfare\system\CodeIgniter.php(832): App\Controllers\HospitalCon->HosCon()
#5 C:\websites\Social Welfare\system\CodeIgniter.php(419): CodeIgniter\CodeIgniter->runController()
#6 C:\websites\Social Welfare\system\CodeIgniter.php(326): CodeIgniter\CodeIgniter->handleRequest()
#7 C:\websites\Social Welfare\public\index.php(37): CodeIgniter\CodeIgniter->run()
#8 C:\websites\Social Welfare\system\Commands\Server\rewrite.php(43): require_once('...')
#9 {main}
CRITICAL - 2022-10-22 04:35:33 --> Undefined constant "CodeIgniter\Database\MySQLi\MYSQLI_STORE_RESULT"
#0 C:\websites\Social Welfare\system\Database\Database.php(56): CodeIgniter\Database\Database->initDriver()
#1 C:\websites\Social Welfare\system\Database\Config.php(78): CodeIgniter\Database\Database->load()
#2 C:\websites\Social Welfare\system\Model.php(97): CodeIgniter\Database\Config::connect()
#3 C:\websites\Social Welfare\app\Controllers\EndofCon.php(18): CodeIgniter\Model->__construct()
#4 C:\websites\Social Welfare\system\CodeIgniter.php(832): App\Controllers\EndofCon->Fs()
#5 C:\websites\Social Welfare\system\CodeIgniter.php(419): CodeIgniter\CodeIgniter->runController()
#6 C:\websites\Social Welfare\system\CodeIgniter.php(326): CodeIgniter\CodeIgniter->handleRequest()
#7 C:\websites\Social Welfare\public\index.php(37): CodeIgniter\CodeIgniter->run()
#8 C:\websites\Social Welfare\system\Commands\Server\rewrite.php(43): require_once('...')
#9 {main}
CRITICAL - 2022-10-22 04:37:34 --> Undefined constant "CodeIgniter\Database\MySQLi\MYSQLI_STORE_RESULT"
#0 C:\websites\Social Welfare\system\Database\Database.php(56): CodeIgniter\Database\Database->initDriver()
#1 C:\websites\Social Welfare\system\Database\Config.php(78): CodeIgniter\Database\Database->load()
#2 C:\websites\Social Welfare\system\Model.php(97): CodeIgniter\Database\Config::connect()
#3 C:\websites\Social Welfare\app\Controllers\EndofCon.php(18): CodeIgniter\Model->__construct()
#4 C:\websites\Social Welfare\system\CodeIgniter.php(832): App\Controllers\EndofCon->Fs()
#5 C:\websites\Social Welfare\system\CodeIgniter.php(419): CodeIgniter\CodeIgniter->runController()
#6 C:\websites\Social Welfare\system\CodeIgniter.php(326): CodeIgniter\CodeIgniter->handleRequest()
#7 C:\websites\Social Welfare\public\index.php(37): CodeIgniter\CodeIgniter->run()
#8 C:\websites\Social Welfare\system\Commands\Server\rewrite.php(43): require_once('...')
#9 {main}
CRITICAL - 2022-10-22 04:37:36 --> Undefined constant "CodeIgniter\Database\MySQLi\MYSQLI_STORE_RESULT"
#0 C:\websites\Social Welfare\system\Database\Database.php(56): CodeIgniter\Database\Database->initDriver()
#1 C:\websites\Social Welfare\system\Database\Config.php(78): CodeIgniter\Database\Database->load()
#2 C:\websites\Social Welfare\system\Model.php(97): CodeIgniter\Database\Config::connect()
#3 C:\websites\Social Welfare\app\Controllers\VolunteerCon.php(20): CodeIgniter\Model->__construct()
#4 C:\websites\Social Welfare\system\CodeIgniter.php(832): App\Controllers\VolunteerCon->act()
#5 C:\websites\Social Welfare\system\CodeIgniter.php(419): CodeIgniter\CodeIgniter->runController()
#6 C:\websites\Social Welfare\system\CodeIgniter.php(326): CodeIgniter\CodeIgniter->handleRequest()
#7 C:\websites\Social Welfare\public\index.php(37): CodeIgniter\CodeIgniter->run()
#8 C:\websites\Social Welfare\system\Commands\Server\rewrite.php(43): require_once('...')
#9 {main}
CRITICAL - 2022-10-22 04:40:53 --> Undefined constant "CodeIgniter\Database\MySQLi\MYSQLI_STORE_RESULT"
#0 C:\websites\Social Welfare\system\Database\Database.php(56): CodeIgniter\Database\Database->initDriver()
#1 C:\websites\Social Welfare\system\Database\Config.php(78): CodeIgniter\Database\Database->load()
#2 C:\websites\Social Welfare\system\Model.php(97): CodeIgniter\Database\Config::connect()
#3 C:\websites\Social Welfare\app\Controllers\VolunteerCon.php(20): CodeIgniter\Model->__construct()
#4 C:\websites\Social Welfare\system\CodeIgniter.php(832): App\Controllers\VolunteerCon->act()
#5 C:\websites\Social Welfare\system\CodeIgniter.php(419): CodeIgniter\CodeIgniter->runController()
#6 C:\websites\Social Welfare\system\CodeIgniter.php(326): CodeIgniter\CodeIgniter->handleRequest()
#7 C:\websites\Social Welfare\public\index.php(37): CodeIgniter\CodeIgniter->run()
#8 C:\websites\Social Welfare\system\Commands\Server\rewrite.php(43): require_once('...')
#9 {main}
CRITICAL - 2022-10-22 04:47:28 --> Undefined constant "CodeIgniter\Database\MySQLi\MYSQLI_STORE_RESULT"
#0 C:\websites\Social Welfare\system\Database\Database.php(56): CodeIgniter\Database\Database->initDriver()
#1 C:\websites\Social Welfare\system\Database\Config.php(78): CodeIgniter\Database\Database->load()
#2 C:\websites\Social Welfare\system\Model.php(97): CodeIgniter\Database\Config::connect()
#3 C:\websites\Social Welfare\app\Controllers\VolunteerCon.php(20): CodeIgniter\Model->__construct()
#4 C:\websites\Social Welfare\system\CodeIgniter.php(832): App\Controllers\VolunteerCon->act()
#5 C:\websites\Social Welfare\system\CodeIgniter.php(419): CodeIgniter\CodeIgniter->runController()
#6 C:\websites\Social Welfare\system\CodeIgniter.php(326): CodeIgniter\CodeIgniter->handleRequest()
#7 C:\websites\Social Welfare\public\index.php(37): CodeIgniter\CodeIgniter->run()
#8 C:\websites\Social Welfare\system\Commands\Server\rewrite.php(43): require_once('...')
#9 {main}
CRITICAL - 2022-10-22 04:57:33 --> Undefined constant "CodeIgniter\Database\MySQLi\MYSQLI_STORE_RESULT"
#0 C:\websites\Social Welfare\system\Database\Database.php(56): CodeIgniter\Database\Database->initDriver()
#1 C:\websites\Social Welfare\system\Database\Config.php(78): CodeIgniter\Database\Database->load()
#2 C:\websites\Social Welfare\system\Model.php(97): CodeIgniter\Database\Config::connect()
#3 C:\websites\Social Welfare\app\Controllers\VolunteerCon.php(20): CodeIgniter\Model->__construct()
#4 C:\websites\Social Welfare\system\CodeIgniter.php(832): App\Controllers\VolunteerCon->act()
#5 C:\websites\Social Welfare\system\CodeIgniter.php(419): CodeIgniter\CodeIgniter->runController()
#6 C:\websites\Social Welfare\system\CodeIgniter.php(326): CodeIgniter\CodeIgniter->handleRequest()
#7 C:\websites\Social Welfare\public\index.php(37): CodeIgniter\CodeIgniter->run()
#8 C:\websites\Social Welfare\system\Commands\Server\rewrite.php(43): require_once('...')
#9 {main}
CRITICAL - 2022-10-22 04:57:44 --> Undefined constant "CodeIgniter\Database\MySQLi\MYSQLI_STORE_RESULT"
#0 C:\websites\Social Welfare\system\Database\Database.php(56): CodeIgniter\Database\Database->initDriver()
#1 C:\websites\Social Welfare\system\Database\Config.php(78): CodeIgniter\Database\Database->load()
#2 C:\websites\Social Welfare\system\Model.php(97): CodeIgniter\Database\Config::connect()
#3 C:\websites\Social Welfare\app\Controllers\VolunteerCon.php(28): CodeIgniter\Model->__construct()
#4 C:\websites\Social Welfare\system\CodeIgniter.php(832): App\Controllers\VolunteerCon->vol()
#5 C:\websites\Social Welfare\system\CodeIgniter.php(419): CodeIgniter\CodeIgniter->runController()
#6 C:\websites\Social Welfare\system\CodeIgniter.php(326): CodeIgniter\CodeIgniter->handleRequest()
#7 C:\websites\Social Welfare\public\index.php(37): CodeIgniter\CodeIgniter->run()
#8 C:\websites\Social Welfare\system\Commands\Server\rewrite.php(43): require_once('...')
#9 {main}
CRITICAL - 2022-10-22 04:57:46 --> Undefined constant "CodeIgniter\Database\MySQLi\MYSQLI_STORE_RESULT"
#0 C:\websites\Social Welfare\system\Database\Database.php(56): CodeIgniter\Database\Database->initDriver()
#1 C:\websites\Social Welfare\system\Database\Config.php(78): CodeIgniter\Database\Database->load()
#2 C:\websites\Social Welfare\system\Model.php(97): CodeIgniter\Database\Config::connect()
#3 C:\websites\Social Welfare\app\Controllers\HospitalCon.php(20): CodeIgniter\Model->__construct()
#4 C:\websites\Social Welfare\system\CodeIgniter.php(832): App\Controllers\HospitalCon->HosCon()
#5 C:\websites\Social Welfare\system\CodeIgniter.php(419): CodeIgniter\CodeIgniter->runController()
#6 C:\websites\Social Welfare\system\CodeIgniter.php(326): CodeIgniter\CodeIgniter->handleRequest()
#7 C:\websites\Social Welfare\public\index.php(37): CodeIgniter\CodeIgniter->run()
#8 C:\websites\Social Welfare\system\Commands\Server\rewrite.php(43): require_once('...')
#9 {main}
CRITICAL - 2022-10-22 04:57:46 --> Undefined constant "CodeIgniter\Database\MySQLi\MYSQLI_STORE_RESULT"
#0 C:\websites\Social Welfare\system\Database\Database.php(56): CodeIgniter\Database\Database->initDriver()
#1 C:\websites\Social Welfare\system\Database\Config.php(78): CodeIgniter\Database\Database->load()
#2 C:\websites\Social Welfare\system\Model.php(97): CodeIgniter\Database\Config::connect()
#3 C:\websites\Social Welfare\app\Controllers\EndofCon.php(18): CodeIgniter\Model->__construct()
#4 C:\websites\Social Welfare\system\CodeIgniter.php(832): App\Controllers\EndofCon->Fs()
#5 C:\websites\Social Welfare\system\CodeIgniter.php(419): CodeIgniter\CodeIgniter->runController()
#6 C:\websites\Social Welfare\system\CodeIgniter.php(326): CodeIgniter\CodeIgniter->handleRequest()
#7 C:\websites\Social Welfare\public\index.php(37): CodeIgniter\CodeIgniter->run()
#8 C:\websites\Social Welfare\system\Commands\Server\rewrite.php(43): require_once('...')
#9 {main}
CRITICAL - 2022-10-22 04:57:50 --> Undefined constant "CodeIgniter\Database\MySQLi\MYSQLI_STORE_RESULT"
#0 C:\websites\Social Welfare\system\Database\Database.php(56): CodeIgniter\Database\Database->initDriver()
#1 C:\websites\Social Welfare\system\Database\Config.php(78): CodeIgniter\Database\Database->load()
#2 C:\websites\Social Welfare\system\Model.php(97): CodeIgniter\Database\Config::connect()
#3 C:\websites\Social Welfare\app\Controllers\VolunteerCon.php(28): CodeIgniter\Model->__construct()
#4 C:\websites\Social Welfare\system\CodeIgniter.php(832): App\Controllers\VolunteerCon->vol()
#5 C:\websites\Social Welfare\system\CodeIgniter.php(419): CodeIgniter\CodeIgniter->runController()
#6 C:\websites\Social Welfare\system\CodeIgniter.php(326): CodeIgniter\CodeIgniter->handleRequest()
#7 C:\websites\Social Welfare\public\index.php(37): CodeIgniter\CodeIgniter->run()
#8 C:\websites\Social Welfare\system\Commands\Server\rewrite.php(43): require_once('...')
#9 {main}
CRITICAL - 2022-10-22 04:57:52 --> Undefined constant "CodeIgniter\Database\MySQLi\MYSQLI_STORE_RESULT"
#0 C:\websites\Social Welfare\system\Database\Database.php(56): CodeIgniter\Database\Database->initDriver()
#1 C:\websites\Social Welfare\system\Database\Config.php(78): CodeIgniter\Database\Database->load()
#2 C:\websites\Social Welfare\system\Model.php(97): CodeIgniter\Database\Config::connect()
#3 C:\websites\Social Welfare\app\Controllers\VolunteerCon.php(20): CodeIgniter\Model->__construct()
#4 C:\websites\Social Welfare\system\CodeIgniter.php(832): App\Controllers\VolunteerCon->act()
#5 C:\websites\Social Welfare\system\CodeIgniter.php(419): CodeIgniter\CodeIgniter->runController()
#6 C:\websites\Social Welfare\system\CodeIgniter.php(326): CodeIgniter\CodeIgniter->handleRequest()
#7 C:\websites\Social Welfare\public\index.php(37): CodeIgniter\CodeIgniter->run()
#8 C:\websites\Social Welfare\system\Commands\Server\rewrite.php(43): require_once('...')
#9 {main}
CRITICAL - 2022-10-22 04:59:54 --> Undefined constant "CodeIgniter\Database\MySQLi\MYSQLI_STORE_RESULT"
#0 C:\websites\Social Welfare\system\Database\Database.php(56): CodeIgniter\Database\Database->initDriver()
#1 C:\websites\Social Welfare\system\Database\Config.php(78): CodeIgniter\Database\Database->load()
#2 C:\websites\Social Welfare\system\Model.php(97): CodeIgniter\Database\Config::connect()
#3 C:\websites\Social Welfare\app\Controllers\VolunteerCon.php(20): CodeIgniter\Model->__construct()
#4 C:\websites\Social Welfare\system\CodeIgniter.php(832): App\Controllers\VolunteerCon->act()
#5 C:\websites\Social Welfare\system\CodeIgniter.php(419): CodeIgniter\CodeIgniter->runController()
#6 C:\websites\Social Welfare\system\CodeIgniter.php(326): CodeIgniter\CodeIgniter->handleRequest()
#7 C:\websites\Social Welfare\public\index.php(37): CodeIgniter\CodeIgniter->run()
#8 C:\websites\Social Welfare\system\Commands\Server\rewrite.php(43): require_once('...')
#9 {main}
CRITICAL - 2022-10-22 05:00:07 --> Undefined constant "CodeIgniter\Database\MySQLi\MYSQLI_STORE_RESULT"
#0 C:\websites\Social Welfare\system\Database\Database.php(56): CodeIgniter\Database\Database->initDriver()
#1 C:\websites\Social Welfare\system\Database\Config.php(78): CodeIgniter\Database\Database->load()
#2 C:\websites\Social Welfare\system\Model.php(97): CodeIgniter\Database\Config::connect()
#3 C:\websites\Social Welfare\app\Controllers\VolunteerCon.php(28): CodeIgniter\Model->__construct()
#4 C:\websites\Social Welfare\system\CodeIgniter.php(832): App\Controllers\VolunteerCon->vol()
#5 C:\websites\Social Welfare\system\CodeIgniter.php(419): CodeIgniter\CodeIgniter->runController()
#6 C:\websites\Social Welfare\system\CodeIgniter.php(326): CodeIgniter\CodeIgniter->handleRequest()
#7 C:\websites\Social Welfare\public\index.php(37): CodeIgniter\CodeIgniter->run()
#8 C:\websites\Social Welfare\system\Commands\Server\rewrite.php(43): require_once('...')
#9 {main}
CRITICAL - 2022-10-22 05:00:12 --> Undefined constant "CodeIgniter\Database\MySQLi\MYSQLI_STORE_RESULT"
#0 C:\websites\Social Welfare\system\Database\Database.php(56): CodeIgniter\Database\Database->initDriver()
#1 C:\websites\Social Welfare\system\Database\Config.php(78): CodeIgniter\Database\Database->load()
#2 C:\websites\Social Welfare\system\Model.php(97): CodeIgniter\Database\Config::connect()
#3 C:\websites\Social Welfare\app\Controllers\VolunteerCon.php(20): CodeIgniter\Model->__construct()
#4 C:\websites\Social Welfare\system\CodeIgniter.php(832): App\Controllers\VolunteerCon->act()
#5 C:\websites\Social Welfare\system\CodeIgniter.php(419): CodeIgniter\CodeIgniter->runController()
#6 C:\websites\Social Welfare\system\CodeIgniter.php(326): CodeIgniter\CodeIgniter->handleRequest()
#7 C:\websites\Social Welfare\public\index.php(37): CodeIgniter\CodeIgniter->run()
#8 C:\websites\Social Welfare\system\Commands\Server\rewrite.php(43): require_once('...')
#9 {main}
