ERROR - 2022-12-19 19:10:31 --> Error connecting to the database: Access denied for user '****'@'localhost' (using password: YES)
CRITICAL - 2022-12-19 19:10:31 --> Unable to connect to the database.
Main connection [MySQLi]: Access denied for user '****'@'localhost' (using password: YES)
#0 /Users/ttc/Desktop/map/Social Welfare/system/Database/BaseConnection.php(577): CodeIgniter\Database\BaseConnection->initialize()
#1 /Users/ttc/Desktop/map/Social Welfare/system/Model.php(726): CodeIgniter\Database\BaseConnection->query('SELECT * FROM `...')
#2 /Users/ttc/Desktop/map/Social Welfare/app/Controllers/VolunteerCon.php(22): CodeIgniter\Model->__call('query', Array)
#3 /Users/ttc/Desktop/map/Social Welfare/system/CodeIgniter.php(832): App\Controllers\VolunteerCon->act()
#4 /Users/ttc/Desktop/map/Social Welfare/system/CodeIgniter.php(419): CodeIgniter\CodeIgniter->runController(Object(App\Controllers\VolunteerCon))
#5 /Users/ttc/Desktop/map/Social Welfare/system/CodeIgniter.php(326): CodeIgniter\CodeIgniter->handleRequest(NULL, Object(Config\Cache), false)
#6 /Users/ttc/Desktop/map/Social Welfare/public/index.php(37): CodeIgniter\CodeIgniter->run()
#7 /Users/ttc/Desktop/map/Social Welfare/system/Commands/Server/rewrite.php(43): require_once('/Users/ttc/Desk...')
#8 {main}
ERROR - 2022-12-19 19:10:37 --> Error connecting to the database: Access denied for user '****'@'localhost' (using password: YES)
CRITICAL - 2022-12-19 19:10:37 --> Unable to connect to the database.
Main connection [MySQLi]: Access denied for user '****'@'localhost' (using password: YES)
#0 /Users/ttc/Desktop/map/Social Welfare/system/Database/BaseConnection.php(577): CodeIgniter\Database\BaseConnection->initialize()
#1 /Users/ttc/Desktop/map/Social Welfare/system/Model.php(726): CodeIgniter\Database\BaseConnection->query('SELECT * FROM `...')
#2 /Users/ttc/Desktop/map/Social Welfare/app/Controllers/VolunteerCon.php(30): CodeIgniter\Model->__call('query', Array)
#3 /Users/ttc/Desktop/map/Social Welfare/system/CodeIgniter.php(832): App\Controllers\VolunteerCon->vol()
#4 /Users/ttc/Desktop/map/Social Welfare/system/CodeIgniter.php(419): CodeIgniter\CodeIgniter->runController(Object(App\Controllers\VolunteerCon))
#5 /Users/ttc/Desktop/map/Social Welfare/system/CodeIgniter.php(326): CodeIgniter\CodeIgniter->handleRequest(NULL, Object(Config\Cache), false)
#6 /Users/ttc/Desktop/map/Social Welfare/public/index.php(37): CodeIgniter\CodeIgniter->run()
#7 /Users/ttc/Desktop/map/Social Welfare/system/Commands/Server/rewrite.php(43): require_once('/Users/ttc/Desk...')
#8 {main}
ERROR - 2022-12-19 19:10:42 --> Error connecting to the database: Access denied for user '****'@'localhost' (using password: YES)
CRITICAL - 2022-12-19 19:10:42 --> Unable to connect to the database.
Main connection [MySQLi]: Access denied for user '****'@'localhost' (using password: YES)
#0 /Users/ttc/Desktop/map/Social Welfare/system/Database/BaseConnection.php(577): CodeIgniter\Database\BaseConnection->initialize()
#1 /Users/ttc/Desktop/map/Social Welfare/system/Model.php(726): CodeIgniter\Database\BaseConnection->query('SELECT * FROM h...')
#2 /Users/ttc/Desktop/map/Social Welfare/app/Controllers/HospitalCon.php(22): CodeIgniter\Model->__call('query', Array)
#3 /Users/ttc/Desktop/map/Social Welfare/system/CodeIgniter.php(832): App\Controllers\HospitalCon->HosCon()
#4 /Users/ttc/Desktop/map/Social Welfare/system/CodeIgniter.php(419): CodeIgniter\CodeIgniter->runController(Object(App\Controllers\HospitalCon))
#5 /Users/ttc/Desktop/map/Social Welfare/system/CodeIgniter.php(326): CodeIgniter\CodeIgniter->handleRequest(NULL, Object(Config\Cache), false)
#6 /Users/ttc/Desktop/map/Social Welfare/public/index.php(37): CodeIgniter\CodeIgniter->run()
#7 /Users/ttc/Desktop/map/Social Welfare/system/Commands/Server/rewrite.php(43): require_once('/Users/ttc/Desk...')
#8 {main}
ERROR - 2022-12-19 19:10:43 --> Error connecting to the database: Access denied for user '****'@'localhost' (using password: YES)
CRITICAL - 2022-12-19 19:10:43 --> Unable to connect to the database.
Main connection [MySQLi]: Access denied for user '****'@'localhost' (using password: YES)
#0 /Users/ttc/Desktop/map/Social Welfare/system/Database/BaseConnection.php(577): CodeIgniter\Database\BaseConnection->initialize()
#1 /Users/ttc/Desktop/map/Social Welfare/system/Model.php(726): CodeIgniter\Database\BaseConnection->query('SELECT * FROM F...')
#2 /Users/ttc/Desktop/map/Social Welfare/app/Controllers/EndofCon.php(21): CodeIgniter\Model->__call('query', Array)
#3 /Users/ttc/Desktop/map/Social Welfare/system/CodeIgniter.php(832): App\Controllers\EndofCon->Fs()
#4 /Users/ttc/Desktop/map/Social Welfare/system/CodeIgniter.php(419): CodeIgniter\CodeIgniter->runController(Object(App\Controllers\EndofCon))
#5 /Users/ttc/Desktop/map/Social Welfare/system/CodeIgniter.php(326): CodeIgniter\CodeIgniter->handleRequest(NULL, Object(Config\Cache), false)
#6 /Users/ttc/Desktop/map/Social Welfare/public/index.php(37): CodeIgniter\CodeIgniter->run()
#7 /Users/ttc/Desktop/map/Social Welfare/system/Commands/Server/rewrite.php(43): require_once('/Users/ttc/Desk...')
#8 {main}
ERROR - 2022-12-19 19:11:19 --> Error connecting to the database: Access denied for user '****'@'localhost' (using password: YES)
CRITICAL - 2022-12-19 19:11:19 --> Unable to connect to the database.
Main connection [MySQLi]: Access denied for user '****'@'localhost' (using password: YES)
#0 /Users/ttc/Desktop/map/Social Welfare/system/Database/BaseConnection.php(577): CodeIgniter\Database\BaseConnection->initialize()
#1 /Users/ttc/Desktop/map/Social Welfare/system/Model.php(726): CodeIgniter\Database\BaseConnection->query('SELECT * FROM F...')
#2 /Users/ttc/Desktop/map/Social Welfare/app/Controllers/EndofCon.php(21): CodeIgniter\Model->__call('query', Array)
#3 /Users/ttc/Desktop/map/Social Welfare/system/CodeIgniter.php(832): App\Controllers\EndofCon->Fs()
#4 /Users/ttc/Desktop/map/Social Welfare/system/CodeIgniter.php(419): CodeIgniter\CodeIgniter->runController(Object(App\Controllers\EndofCon))
#5 /Users/ttc/Desktop/map/Social Welfare/system/CodeIgniter.php(326): CodeIgniter\CodeIgniter->handleRequest(NULL, Object(Config\Cache), false)
#6 /Users/ttc/Desktop/map/Social Welfare/public/index.php(37): CodeIgniter\CodeIgniter->run()
#7 /Users/ttc/Desktop/map/Social Welfare/system/Commands/Server/rewrite.php(43): require_once('/Users/ttc/Desk...')
#8 {main}
